
*** Running vivado
    with args -log TOP.vds -m64 -product Vivado -mode batch -messageDb vivado.pb -notrace -source TOP.tcl


****** Vivado v2019.1 (64-bit)
  **** SW Build 2552052 on Fri May 24 14:49:42 MDT 2019
  **** IP Build 2548770 on Fri May 24 18:01:18 MDT 2019
    ** Copyright 1986-2019 Xilinx, Inc. All Rights Reserved.

source TOP.tcl -notrace
Command: synth_design -top TOP -part xc7a100tcsg324-1
Starting synth_design
Attempting to get a license for feature 'Synthesis' and/or device 'xc7a100t'
INFO: [Common 17-349] Got license for feature 'Synthesis' and/or device 'xc7a100t'
INFO: [Device 21-403] Loading part xc7a100tcsg324-1
INFO: Launching helper process for spawning children vivado processes
INFO: Helper process launched with PID 19620 
---------------------------------------------------------------------------------
Starting RTL Elaboration : Time (s): cpu = 00:00:04 ; elapsed = 00:00:04 . Memory (MB): peak = 711.164 ; gain = 178.305
---------------------------------------------------------------------------------
INFO: [Synth 8-638] synthesizing module 'TOP' [D:/YKT/NUS/AY1920/Sem1/CG3207/Lab/workspace/lab2temp/lab2temp/src/TOP.vhd:68]
	Parameter N_LEDs_OUT bound to: 8 - type: integer 
	Parameter N_DIPs bound to: 16 - type: integer 
	Parameter N_PBs bound to: 4 - type: integer 
	Parameter N_LEDs_OUT bound to: 8 - type: integer 
	Parameter N_DIPs bound to: 16 - type: integer 
	Parameter N_PBs bound to: 4 - type: integer 
INFO: [Synth 8-3491] module 'Wrapper' declared at 'D:/YKT/NUS/AY1920/Sem1/CG3207/Lab/workspace/lab2temp/lab2temp/src/Wrapper.v:29' bound to instance 'Wrapper1' of component 'Wrapper' [D:/YKT/NUS/AY1920/Sem1/CG3207/Lab/workspace/lab2temp/lab2temp/src/TOP.vhd:214]
INFO: [Synth 8-6157] synthesizing module 'Wrapper' [D:/YKT/NUS/AY1920/Sem1/CG3207/Lab/workspace/lab2temp/lab2temp/src/Wrapper.v:29]
	Parameter N_LEDs_OUT bound to: 8 - type: integer 
	Parameter N_DIPs bound to: 16 - type: integer 
	Parameter N_PBs bound to: 4 - type: integer 
INFO: [Synth 8-6157] synthesizing module 'ARM' [D:/YKT/NUS/AY1920/Sem1/CG3207/Lab/workspace/lab2temp/lab2temp/src/ARM.v:39]
INFO: [Synth 8-6157] synthesizing module 'RegFile' [D:/YKT/NUS/AY1920/Sem1/CG3207/Lab/workspace/lab2temp/lab2temp/src/RegFile.v:35]
INFO: [Synth 8-6155] done synthesizing module 'RegFile' (1#1) [D:/YKT/NUS/AY1920/Sem1/CG3207/Lab/workspace/lab2temp/lab2temp/src/RegFile.v:35]
INFO: [Synth 8-6157] synthesizing module 'Extend' [D:/YKT/NUS/AY1920/Sem1/CG3207/Lab/workspace/lab2temp/lab2temp/src/Extend.v:35]
INFO: [Synth 8-6155] done synthesizing module 'Extend' (2#1) [D:/YKT/NUS/AY1920/Sem1/CG3207/Lab/workspace/lab2temp/lab2temp/src/Extend.v:35]
INFO: [Synth 8-6157] synthesizing module 'Decoder' [D:/YKT/NUS/AY1920/Sem1/CG3207/Lab/workspace/lab2temp/lab2temp/src/Decoder.v:35]
INFO: [Synth 8-6155] done synthesizing module 'Decoder' (3#1) [D:/YKT/NUS/AY1920/Sem1/CG3207/Lab/workspace/lab2temp/lab2temp/src/Decoder.v:35]
INFO: [Synth 8-6157] synthesizing module 'CondLogic' [D:/YKT/NUS/AY1920/Sem1/CG3207/Lab/workspace/lab2temp/lab2temp/src/CondLogic.v:35]
INFO: [Synth 8-6155] done synthesizing module 'CondLogic' (4#1) [D:/YKT/NUS/AY1920/Sem1/CG3207/Lab/workspace/lab2temp/lab2temp/src/CondLogic.v:35]
INFO: [Synth 8-6157] synthesizing module 'Shifter' [D:/YKT/NUS/AY1920/Sem1/CG3207/Lab/workspace/lab2temp/lab2temp/src/Shifter.v:35]
INFO: [Synth 8-6157] synthesizing module 'shiftByNPowerOf2' [D:/YKT/NUS/AY1920/Sem1/CG3207/Lab/workspace/lab2temp/lab2temp/src/Shifter.v:59]
	Parameter i bound to: 0 - type: integer 
INFO: [Synth 8-6155] done synthesizing module 'shiftByNPowerOf2' (5#1) [D:/YKT/NUS/AY1920/Sem1/CG3207/Lab/workspace/lab2temp/lab2temp/src/Shifter.v:59]
INFO: [Synth 8-6157] synthesizing module 'shiftByNPowerOf2__parameterized0' [D:/YKT/NUS/AY1920/Sem1/CG3207/Lab/workspace/lab2temp/lab2temp/src/Shifter.v:59]
	Parameter i bound to: 1 - type: integer 
INFO: [Synth 8-6155] done synthesizing module 'shiftByNPowerOf2__parameterized0' (5#1) [D:/YKT/NUS/AY1920/Sem1/CG3207/Lab/workspace/lab2temp/lab2temp/src/Shifter.v:59]
INFO: [Synth 8-6157] synthesizing module 'shiftByNPowerOf2__parameterized1' [D:/YKT/NUS/AY1920/Sem1/CG3207/Lab/workspace/lab2temp/lab2temp/src/Shifter.v:59]
	Parameter i bound to: 2 - type: integer 
INFO: [Synth 8-6155] done synthesizing module 'shiftByNPowerOf2__parameterized1' (5#1) [D:/YKT/NUS/AY1920/Sem1/CG3207/Lab/workspace/lab2temp/lab2temp/src/Shifter.v:59]
INFO: [Synth 8-6157] synthesizing module 'shiftByNPowerOf2__parameterized2' [D:/YKT/NUS/AY1920/Sem1/CG3207/Lab/workspace/lab2temp/lab2temp/src/Shifter.v:59]
	Parameter i bound to: 3 - type: integer 
INFO: [Synth 8-6155] done synthesizing module 'shiftByNPowerOf2__parameterized2' (5#1) [D:/YKT/NUS/AY1920/Sem1/CG3207/Lab/workspace/lab2temp/lab2temp/src/Shifter.v:59]
INFO: [Synth 8-6157] synthesizing module 'shiftByNPowerOf2__parameterized3' [D:/YKT/NUS/AY1920/Sem1/CG3207/Lab/workspace/lab2temp/lab2temp/src/Shifter.v:59]
	Parameter i bound to: 4 - type: integer 
INFO: [Synth 8-6155] done synthesizing module 'shiftByNPowerOf2__parameterized3' (5#1) [D:/YKT/NUS/AY1920/Sem1/CG3207/Lab/workspace/lab2temp/lab2temp/src/Shifter.v:59]
INFO: [Synth 8-6155] done synthesizing module 'Shifter' (6#1) [D:/YKT/NUS/AY1920/Sem1/CG3207/Lab/workspace/lab2temp/lab2temp/src/Shifter.v:35]
INFO: [Synth 8-6157] synthesizing module 'ALU' [D:/YKT/NUS/AY1920/Sem1/CG3207/Lab/workspace/lab2temp/lab2temp/src/ALU.v:30]
INFO: [Synth 8-6155] done synthesizing module 'ALU' (7#1) [D:/YKT/NUS/AY1920/Sem1/CG3207/Lab/workspace/lab2temp/lab2temp/src/ALU.v:30]
INFO: [Synth 8-6157] synthesizing module 'ProgramCounter' [D:/YKT/NUS/AY1920/Sem1/CG3207/Lab/workspace/lab2temp/lab2temp/src/ProgramCounter.v:35]
INFO: [Synth 8-6155] done synthesizing module 'ProgramCounter' (8#1) [D:/YKT/NUS/AY1920/Sem1/CG3207/Lab/workspace/lab2temp/lab2temp/src/ProgramCounter.v:35]
INFO: [Synth 8-6155] done synthesizing module 'ARM' (9#1) [D:/YKT/NUS/AY1920/Sem1/CG3207/Lab/workspace/lab2temp/lab2temp/src/ARM.v:39]
WARNING: [Synth 8-6014] Unused sequential element bigRegBank_indicator_reg was removed.  [D:/YKT/NUS/AY1920/Sem1/CG3207/Lab/workspace/lab2temp/lab2temp/src/Wrapper.v:277]
INFO: [Synth 8-6155] done synthesizing module 'Wrapper' (10#1) [D:/YKT/NUS/AY1920/Sem1/CG3207/Lab/workspace/lab2temp/lab2temp/src/Wrapper.v:29]
	Parameter BAUD_RATE bound to: 9600 - type: integer 
	Parameter CLOCK_FREQUENCY bound to: 100000000 - type: integer 
INFO: [Synth 8-3491] module 'UART' declared at 'D:/YKT/NUS/AY1920/Sem1/CG3207/Lab/workspace/lab2temp/lab2temp/src/uart.vhd:28' bound to instance 'UART1' of component 'UART' [D:/YKT/NUS/AY1920/Sem1/CG3207/Lab/workspace/lab2temp/lab2temp/src/TOP.vhd:234]
INFO: [Synth 8-638] synthesizing module 'UART' [D:/YKT/NUS/AY1920/Sem1/CG3207/Lab/workspace/lab2temp/lab2temp/src/uart.vhd:70]
	Parameter BAUD_RATE bound to: 9600 - type: integer 
	Parameter CLOCK_FREQUENCY bound to: 100000000 - type: integer 
INFO: [Synth 8-256] done synthesizing module 'UART' (11#1) [D:/YKT/NUS/AY1920/Sem1/CG3207/Lab/workspace/lab2temp/lab2temp/src/uart.vhd:70]
WARNING: [Synth 8-6014] Unused sequential element indices_reg was removed.  [D:/YKT/NUS/AY1920/Sem1/CG3207/Lab/workspace/lab2temp/lab2temp/src/TOP.vhd:324]
INFO: [Synth 8-256] done synthesizing module 'TOP' (12#1) [D:/YKT/NUS/AY1920/Sem1/CG3207/Lab/workspace/lab2temp/lab2temp/src/TOP.vhd:68]
WARNING: [Synth 8-3331] design CondLogic has unconnected port NoWrite
---------------------------------------------------------------------------------
Finished RTL Elaboration : Time (s): cpu = 00:00:06 ; elapsed = 00:00:06 . Memory (MB): peak = 775.543 ; gain = 242.684
---------------------------------------------------------------------------------

Report Check Netlist: 
+------+------------------+-------+---------+-------+------------------+
|      |Item              |Errors |Warnings |Status |Description       |
+------+------------------+-------+---------+-------+------------------+
|1     |multi_driven_nets |      0|        0|Passed |Multi driven nets |
+------+------------------+-------+---------+-------+------------------+
---------------------------------------------------------------------------------
Start Handling Custom Attributes
---------------------------------------------------------------------------------
---------------------------------------------------------------------------------
Finished Handling Custom Attributes : Time (s): cpu = 00:00:06 ; elapsed = 00:00:06 . Memory (MB): peak = 775.543 ; gain = 242.684
---------------------------------------------------------------------------------
---------------------------------------------------------------------------------
Finished RTL Optimization Phase 1 : Time (s): cpu = 00:00:06 ; elapsed = 00:00:06 . Memory (MB): peak = 775.543 ; gain = 242.684
---------------------------------------------------------------------------------
INFO: [Project 1-570] Preparing netlist for logic optimization

Processing XDC Constraints
Initializing timing engine
Parsing XDC File [D:/YKT/NUS/AY1920/Sem1/CG3207/Lab/workspace/lab2temp/lab2temp/src/TOP.xdc]
Finished Parsing XDC File [D:/YKT/NUS/AY1920/Sem1/CG3207/Lab/workspace/lab2temp/lab2temp/src/TOP.xdc]
INFO: [Project 1-236] Implementation specific constraints were found while reading constraint file [D:/YKT/NUS/AY1920/Sem1/CG3207/Lab/workspace/lab2temp/lab2temp/src/TOP.xdc]. These constraints will be ignored for synthesis but will be used in implementation. Impacted constraints are listed in the file [.Xil/TOP_propImpl.xdc].
Resolution: To avoid this warning, move constraints listed in [.Xil/TOP_propImpl.xdc] to another XDC file and exclude this new file from synthesis with the used_in_synthesis property (File Properties dialog in GUI) and re-run elaboration/synthesis.
Completed Processing XDC Constraints

Netlist sorting complete. Time (s): cpu = 00:00:00 ; elapsed = 00:00:00 . Memory (MB): peak = 906.965 ; gain = 0.000
INFO: [Project 1-111] Unisim Transformation Summary:
No Unisim elements were transformed.

Constraint Validation Runtime : Time (s): cpu = 00:00:00 ; elapsed = 00:00:00.013 . Memory (MB): peak = 906.965 ; gain = 0.000
---------------------------------------------------------------------------------
Finished Constraint Validation : Time (s): cpu = 00:00:13 ; elapsed = 00:00:13 . Memory (MB): peak = 906.965 ; gain = 374.105
---------------------------------------------------------------------------------
---------------------------------------------------------------------------------
Start Loading Part and Timing Information
---------------------------------------------------------------------------------
Loading part: xc7a100tcsg324-1
---------------------------------------------------------------------------------
Finished Loading Part and Timing Information : Time (s): cpu = 00:00:13 ; elapsed = 00:00:13 . Memory (MB): peak = 906.965 ; gain = 374.105
---------------------------------------------------------------------------------
---------------------------------------------------------------------------------
Start Applying 'set_property' XDC Constraints
---------------------------------------------------------------------------------
---------------------------------------------------------------------------------
Finished applying 'set_property' XDC Constraints : Time (s): cpu = 00:00:13 ; elapsed = 00:00:13 . Memory (MB): peak = 906.965 ; gain = 374.105
---------------------------------------------------------------------------------
INFO: [Synth 8-5546] ROM "INSTR_MEM" won't be mapped to RAM because it is too sparse
INFO: [Synth 8-5546] ROM "DATA_CONST_MEM" won't be mapped to RAM because it is too sparse
INFO: [Synth 8-5546] ROM "INSTR_MEM" won't be mapped to RAM because it is too sparse
INFO: [Synth 8-5546] ROM "DATA_CONST_MEM" won't be mapped to RAM because it is too sparse
INFO: [Synth 8-802] inferred FSM for state register 'uart_tx_state_reg' in module 'UART'
INFO: [Synth 8-802] inferred FSM for state register 'uart_rx_state_reg' in module 'UART'
INFO: [Synth 8-4471] merging register 'CONSOLE_IN_valid_reg' into 'recv_state_reg' [D:/YKT/NUS/AY1920/Sem1/CG3207/Lab/workspace/lab2temp/lab2temp/src/TOP.vhd:225]
WARNING: [Synth 8-327] inferring latch for variable 'NoWrite_reg' [D:/YKT/NUS/AY1920/Sem1/CG3207/Lab/workspace/lab2temp/lab2temp/src/Decoder.v:147]
---------------------------------------------------------------------------------------------------
                   State |                     New Encoding |                Previous Encoding 
---------------------------------------------------------------------------------------------------
                    idle |                              000 |                              000
           wait_for_tick |                              001 |                              001
          send_start_bit |                              010 |                              010
           transmit_data |                              011 |                              011
           send_stop_bit |                              100 |                              100
---------------------------------------------------------------------------------------------------
INFO: [Synth 8-3354] encoded FSM with state register 'uart_tx_state_reg' using encoding 'sequential' in module 'UART'
---------------------------------------------------------------------------------------------------
                   State |                     New Encoding |                Previous Encoding 
---------------------------------------------------------------------------------------------------
rx_wait_start_synchronise |                               00 |                               00
        rx_get_start_bit |                               01 |                               01
             rx_get_data |                               10 |                               10
         rx_get_stop_bit |                               11 |                               11
---------------------------------------------------------------------------------------------------
INFO: [Synth 8-3354] encoded FSM with state register 'uart_rx_state_reg' using encoding 'sequential' in module 'UART'
---------------------------------------------------------------------------------
Finished RTL Optimization Phase 2 : Time (s): cpu = 00:00:14 ; elapsed = 00:00:15 . Memory (MB): peak = 906.965 ; gain = 374.105
---------------------------------------------------------------------------------

Report RTL Partitions: 
+-+--------------+------------+----------+
| |RTL Partition |Replication |Instances |
+-+--------------+------------+----------+
+-+--------------+------------+----------+
---------------------------------------------------------------------------------
Start RTL Component Statistics 
---------------------------------------------------------------------------------
Detailed RTL Component Info : 
+---Adders : 
	   3 Input     33 Bit       Adders := 1     
	   2 Input     32 Bit       Adders := 2     
	   2 Input     27 Bit       Adders := 1     
	   2 Input     19 Bit       Adders := 1     
	   2 Input     10 Bit       Adders := 1     
	   2 Input      4 Bit       Adders := 1     
	   2 Input      3 Bit       Adders := 2     
	   2 Input      2 Bit       Adders := 1     
+---XORs : 
	   2 Input      1 Bit         XORs := 6     
+---Registers : 
	               32 Bit    Registers := 18    
	               10 Bit    Registers := 1     
	                8 Bit    Registers := 7     
	                7 Bit    Registers := 1     
	                4 Bit    Registers := 3     
	                3 Bit    Registers := 2     
	                2 Bit    Registers := 1     
	                1 Bit    Registers := 21    
+---RAMs : 
	               4K Bit         RAMs := 1     
+---Muxes : 
	  17 Input     32 Bit        Muxes := 2     
	   4 Input     32 Bit        Muxes := 8     
	   2 Input     32 Bit        Muxes := 11    
	 129 Input     32 Bit        Muxes := 2     
	   5 Input      8 Bit        Muxes := 2     
	  17 Input      5 Bit        Muxes := 2     
	   2 Input      4 Bit        Muxes := 3     
	   5 Input      3 Bit        Muxes := 1     
	   2 Input      3 Bit        Muxes := 1     
	  12 Input      2 Bit        Muxes := 2     
	   2 Input      2 Bit        Muxes := 3     
	   4 Input      2 Bit        Muxes := 1     
	   2 Input      1 Bit        Muxes := 25    
	   4 Input      1 Bit        Muxes := 13    
	  11 Input      1 Bit        Muxes := 1     
	   5 Input      1 Bit        Muxes := 5     
	   3 Input      1 Bit        Muxes := 1     
---------------------------------------------------------------------------------
Finished RTL Component Statistics 
---------------------------------------------------------------------------------
---------------------------------------------------------------------------------
Start RTL Hierarchical Component Statistics 
---------------------------------------------------------------------------------
Hierarchical RTL Component report 
Module TOP 
Detailed RTL Component Info : 
+---Adders : 
	   2 Input     27 Bit       Adders := 1     
	   2 Input     19 Bit       Adders := 1     
+---Registers : 
	                8 Bit    Registers := 3     
	                7 Bit    Registers := 1     
	                1 Bit    Registers := 10    
+---Muxes : 
	   2 Input      1 Bit        Muxes := 4     
Module RegFile 
Detailed RTL Component Info : 
+---Registers : 
	               32 Bit    Registers := 16    
+---Muxes : 
	  17 Input     32 Bit        Muxes := 2     
	  17 Input      5 Bit        Muxes := 2     
	   2 Input      1 Bit        Muxes := 16    
Module Extend 
Detailed RTL Component Info : 
+---Muxes : 
	   4 Input     32 Bit        Muxes := 1     
Module Decoder 
Detailed RTL Component Info : 
+---Muxes : 
	  12 Input      2 Bit        Muxes := 2     
	   4 Input      1 Bit        Muxes := 6     
	  11 Input      1 Bit        Muxes := 1     
Module CondLogic 
Detailed RTL Component Info : 
+---XORs : 
	   2 Input      1 Bit         XORs := 2     
+---Registers : 
	                1 Bit    Registers := 4     
Module shiftByNPowerOf2 
Detailed RTL Component Info : 
+---Muxes : 
	   2 Input     32 Bit        Muxes := 1     
	   4 Input     32 Bit        Muxes := 1     
Module shiftByNPowerOf2__parameterized0 
Detailed RTL Component Info : 
+---Muxes : 
	   4 Input     32 Bit        Muxes := 1     
	   2 Input     32 Bit        Muxes := 1     
Module shiftByNPowerOf2__parameterized1 
Detailed RTL Component Info : 
+---Muxes : 
	   4 Input     32 Bit        Muxes := 1     
	   2 Input     32 Bit        Muxes := 1     
Module shiftByNPowerOf2__parameterized2 
Detailed RTL Component Info : 
+---Muxes : 
	   4 Input     32 Bit        Muxes := 1     
	   2 Input     32 Bit        Muxes := 1     
Module shiftByNPowerOf2__parameterized3 
Detailed RTL Component Info : 
+---Muxes : 
	   4 Input     32 Bit        Muxes := 1     
	   2 Input     32 Bit        Muxes := 1     
Module ALU 
Detailed RTL Component Info : 
+---Adders : 
	   3 Input     33 Bit       Adders := 1     
+---XORs : 
	   2 Input      1 Bit         XORs := 4     
+---Muxes : 
	   4 Input     32 Bit        Muxes := 2     
	   4 Input      1 Bit        Muxes := 2     
Module ProgramCounter 
Detailed RTL Component Info : 
+---Registers : 
	               32 Bit    Registers := 1     
Module ARM 
Detailed RTL Component Info : 
+---Adders : 
	   2 Input     32 Bit       Adders := 2     
+---Muxes : 
	   2 Input     32 Bit        Muxes := 3     
	   2 Input      4 Bit        Muxes := 2     
Module Wrapper 
Detailed RTL Component Info : 
+---Registers : 
	               32 Bit    Registers := 1     
	                8 Bit    Registers := 2     
	                4 Bit    Registers := 1     
	                1 Bit    Registers := 2     
+---RAMs : 
	               4K Bit         RAMs := 1     
+---Muxes : 
	   2 Input     32 Bit        Muxes := 3     
	 129 Input     32 Bit        Muxes := 2     
	   2 Input      1 Bit        Muxes := 1     
Module UART 
Detailed RTL Component Info : 
+---Adders : 
	   2 Input     10 Bit       Adders := 1     
	   2 Input      4 Bit       Adders := 1     
	   2 Input      3 Bit       Adders := 2     
	   2 Input      2 Bit       Adders := 1     
+---Registers : 
	               10 Bit    Registers := 1     
	                8 Bit    Registers := 2     
	                4 Bit    Registers := 2     
	                3 Bit    Registers := 2     
	                2 Bit    Registers := 1     
	                1 Bit    Registers := 5     
+---Muxes : 
	   5 Input      8 Bit        Muxes := 2     
	   2 Input      4 Bit        Muxes := 1     
	   5 Input      3 Bit        Muxes := 1     
	   2 Input      3 Bit        Muxes := 1     
	   2 Input      2 Bit        Muxes := 3     
	   4 Input      2 Bit        Muxes := 1     
	   5 Input      1 Bit        Muxes := 5     
	   2 Input      1 Bit        Muxes := 4     
	   3 Input      1 Bit        Muxes := 1     
	   4 Input      1 Bit        Muxes := 5     
---------------------------------------------------------------------------------
Finished RTL Hierarchical Component Statistics
---------------------------------------------------------------------------------
---------------------------------------------------------------------------------
Start Part Resource Summary
---------------------------------------------------------------------------------
Part Resources:
DSPs: 240 (col length:80)
BRAMs: 270 (col length: RAMB18 80 RAMB36 40)
---------------------------------------------------------------------------------
Finished Part Resource Summary
---------------------------------------------------------------------------------
---------------------------------------------------------------------------------
Start Cross Boundary and Area Optimization
---------------------------------------------------------------------------------
Warning: Parallel synthesis criteria is not met 
WARNING: [Synth 8-3332] Sequential element (Decoder1/NoWrite_reg) is unused and will be removed from module ARM.
INFO: [Synth 8-3333] propagating constant 0 across sequential element (Wrapper1/ARM1/\RegFile1/RegBank_reg[15][28] )
INFO: [Synth 8-3333] propagating constant 0 across sequential element (Wrapper1/ARM1/\RegFile1/RegBank_reg[15][24] )
INFO: [Synth 8-3333] propagating constant 0 across sequential element (Wrapper1/ARM1/\RegFile1/RegBank_reg[15][20] )
INFO: [Synth 8-3333] propagating constant 0 across sequential element (Wrapper1/ARM1/\RegFile1/RegBank_reg[15][16] )
INFO: [Synth 8-3333] propagating constant 0 across sequential element (Wrapper1/ARM1/\RegFile1/RegBank_reg[15][12] )
INFO: [Synth 8-3333] propagating constant 0 across sequential element (Wrapper1/ARM1/\RegFile1/RegBank_reg[15][8] )
INFO: [Synth 8-3333] propagating constant 0 across sequential element (Wrapper1/ARM1/\RegFile1/RegBank_reg[15][4] )
INFO: [Synth 8-3333] propagating constant 0 across sequential element (Wrapper1/ARM1/\RegFile1/RegBank_reg[15][0] )
INFO: [Synth 8-3333] propagating constant 0 across sequential element (Wrapper1/ARM1/\RegFile1/RegBank_reg[15][29] )
INFO: [Synth 8-3333] propagating constant 0 across sequential element (Wrapper1/ARM1/\RegFile1/RegBank_reg[15][25] )
INFO: [Synth 8-3333] propagating constant 0 across sequential element (Wrapper1/ARM1/\RegFile1/RegBank_reg[15][21] )
INFO: [Synth 8-3333] propagating constant 0 across sequential element (Wrapper1/ARM1/\RegFile1/RegBank_reg[15][17] )
INFO: [Synth 8-3333] propagating constant 0 across sequential element (Wrapper1/ARM1/\RegFile1/RegBank_reg[15][13] )
INFO: [Synth 8-3333] propagating constant 0 across sequential element (Wrapper1/ARM1/\RegFile1/RegBank_reg[15][9] )
INFO: [Synth 8-3333] propagating constant 0 across sequential element (Wrapper1/ARM1/\RegFile1/RegBank_reg[15][5] )
INFO: [Synth 8-3333] propagating constant 0 across sequential element (Wrapper1/ARM1/\RegFile1/RegBank_reg[15][1] )
INFO: [Synth 8-3333] propagating constant 0 across sequential element (Wrapper1/ARM1/\RegFile1/RegBank_reg[15][30] )
INFO: [Synth 8-3333] propagating constant 0 across sequential element (Wrapper1/ARM1/\RegFile1/RegBank_reg[15][26] )
INFO: [Synth 8-3333] propagating constant 0 across sequential element (Wrapper1/ARM1/\RegFile1/RegBank_reg[15][22] )
INFO: [Synth 8-3333] propagating constant 0 across sequential element (Wrapper1/ARM1/\RegFile1/RegBank_reg[15][18] )
INFO: [Synth 8-3333] propagating constant 0 across sequential element (Wrapper1/ARM1/\RegFile1/RegBank_reg[15][14] )
INFO: [Synth 8-3333] propagating constant 0 across sequential element (Wrapper1/ARM1/\RegFile1/RegBank_reg[15][10] )
INFO: [Synth 8-3333] propagating constant 0 across sequential element (Wrapper1/ARM1/\RegFile1/RegBank_reg[15][6] )
INFO: [Synth 8-3333] propagating constant 0 across sequential element (Wrapper1/ARM1/\RegFile1/RegBank_reg[15][2] )
INFO: [Synth 8-3333] propagating constant 0 across sequential element (Wrapper1/ARM1/\RegFile1/RegBank_reg[15][31] )
INFO: [Synth 8-3333] propagating constant 0 across sequential element (Wrapper1/ARM1/\RegFile1/RegBank_reg[15][27] )
INFO: [Synth 8-3333] propagating constant 0 across sequential element (Wrapper1/ARM1/\RegFile1/RegBank_reg[15][23] )
INFO: [Synth 8-3333] propagating constant 0 across sequential element (Wrapper1/ARM1/\RegFile1/RegBank_reg[15][19] )
INFO: [Synth 8-3333] propagating constant 0 across sequential element (Wrapper1/ARM1/\RegFile1/RegBank_reg[15][15] )
INFO: [Synth 8-3333] propagating constant 0 across sequential element (Wrapper1/ARM1/\RegFile1/RegBank_reg[15][11] )
INFO: [Synth 8-3333] propagating constant 0 across sequential element (Wrapper1/ARM1/\RegFile1/RegBank_reg[15][7] )
INFO: [Synth 8-3333] propagating constant 0 across sequential element (Wrapper1/ARM1/\RegFile1/RegBank_reg[15][3] )
---------------------------------------------------------------------------------
Finished Cross Boundary and Area Optimization : Time (s): cpu = 00:00:49 ; elapsed = 00:00:50 . Memory (MB): peak = 906.965 ; gain = 374.105
---------------------------------------------------------------------------------
---------------------------------------------------------------------------------
Start ROM, RAM, DSP and Shift Register Reporting
---------------------------------------------------------------------------------

Distributed RAM: Preliminary Mapping  Report (see note below)
+------------+------------------+-----------+----------------------+------------------+
|Module Name | RTL Object       | Inference | Size (Depth x Width) | Primitives       | 
+------------+------------------+-----------+----------------------+------------------+
|Wrapper1    | DATA_VAR_MEM_reg | Implied   | 128 x 32             | RAM128X1S x 32   | 
+------------+------------------+-----------+----------------------+------------------+

Note: The table above is a preliminary report that shows the Distributed RAMs at the current stage of the synthesis flow. Some Distributed RAMs may be reimplemented as non Distributed RAM primitives later in the synthesis flow. Multiple instantiated RAMs are reported only once.
---------------------------------------------------------------------------------
Finished ROM, RAM, DSP and Shift Register Reporting
---------------------------------------------------------------------------------

Report RTL Partitions: 
+-+--------------+------------+----------+
| |RTL Partition |Replication |Instances |
+-+--------------+------------+----------+
+-+--------------+------------+----------+
---------------------------------------------------------------------------------
Start Applying XDC Timing Constraints
---------------------------------------------------------------------------------
---------------------------------------------------------------------------------
Finished Applying XDC Timing Constraints : Time (s): cpu = 00:00:58 ; elapsed = 00:00:58 . Memory (MB): peak = 906.965 ; gain = 374.105
---------------------------------------------------------------------------------
---------------------------------------------------------------------------------
Start Timing Optimization
---------------------------------------------------------------------------------
---------------------------------------------------------------------------------
Finished Timing Optimization : Time (s): cpu = 00:00:58 ; elapsed = 00:00:59 . Memory (MB): peak = 906.965 ; gain = 374.105
---------------------------------------------------------------------------------
---------------------------------------------------------------------------------
Start ROM, RAM, DSP and Shift Register Reporting
---------------------------------------------------------------------------------

Distributed RAM: Final Mapping  Report
+------------+------------------+-----------+----------------------+------------------+
|Module Name | RTL Object       | Inference | Size (Depth x Width) | Primitives       | 
+------------+------------------+-----------+----------------------+------------------+
|Wrapper1    | DATA_VAR_MEM_reg | Implied   | 128 x 32             | RAM128X1S x 32   | 
+------------+------------------+-----------+----------------------+------------------+

---------------------------------------------------------------------------------
Finished ROM, RAM, DSP and Shift Register Reporting
---------------------------------------------------------------------------------

Report RTL Partitions: 
+-+--------------+------------+----------+
| |RTL Partition |Replication |Instances |
+-+--------------+------------+----------+
+-+--------------+------------+----------+
---------------------------------------------------------------------------------
Start Technology Mapping
---------------------------------------------------------------------------------
---------------------------------------------------------------------------------
Finished Technology Mapping : Time (s): cpu = 00:01:00 ; elapsed = 00:01:00 . Memory (MB): peak = 978.059 ; gain = 445.199
---------------------------------------------------------------------------------

Report RTL Partitions: 
+-+--------------+------------+----------+
| |RTL Partition |Replication |Instances |
+-+--------------+------------+----------+
+-+--------------+------------+----------+
---------------------------------------------------------------------------------
Start IO Insertion
---------------------------------------------------------------------------------
---------------------------------------------------------------------------------
Start Flattening Before IO Insertion
---------------------------------------------------------------------------------
---------------------------------------------------------------------------------
Finished Flattening Before IO Insertion
---------------------------------------------------------------------------------
---------------------------------------------------------------------------------
Start Final Netlist Cleanup
---------------------------------------------------------------------------------
---------------------------------------------------------------------------------
Finished Final Netlist Cleanup
---------------------------------------------------------------------------------
---------------------------------------------------------------------------------
Finished IO Insertion : Time (s): cpu = 00:01:02 ; elapsed = 00:01:03 . Memory (MB): peak = 983.531 ; gain = 450.672
---------------------------------------------------------------------------------

Report Check Netlist: 
+------+------------------+-------+---------+-------+------------------+
|      |Item              |Errors |Warnings |Status |Description       |
+------+------------------+-------+---------+-------+------------------+
|1     |multi_driven_nets |      0|        0|Passed |Multi driven nets |
+------+------------------+-------+---------+-------+------------------+
---------------------------------------------------------------------------------
Start Renaming Generated Instances
---------------------------------------------------------------------------------
---------------------------------------------------------------------------------
Finished Renaming Generated Instances : Time (s): cpu = 00:01:02 ; elapsed = 00:01:03 . Memory (MB): peak = 983.531 ; gain = 450.672
---------------------------------------------------------------------------------

Report RTL Partitions: 
+-+--------------+------------+----------+
| |RTL Partition |Replication |Instances |
+-+--------------+------------+----------+
+-+--------------+------------+----------+
---------------------------------------------------------------------------------
Start Rebuilding User Hierarchy
---------------------------------------------------------------------------------
---------------------------------------------------------------------------------
Finished Rebuilding User Hierarchy : Time (s): cpu = 00:01:02 ; elapsed = 00:01:03 . Memory (MB): peak = 983.531 ; gain = 450.672
---------------------------------------------------------------------------------
---------------------------------------------------------------------------------
Start Renaming Generated Ports
---------------------------------------------------------------------------------
---------------------------------------------------------------------------------
Finished Renaming Generated Ports : Time (s): cpu = 00:01:02 ; elapsed = 00:01:03 . Memory (MB): peak = 983.531 ; gain = 450.672
---------------------------------------------------------------------------------
---------------------------------------------------------------------------------
Start Handling Custom Attributes
---------------------------------------------------------------------------------
---------------------------------------------------------------------------------
Finished Handling Custom Attributes : Time (s): cpu = 00:01:02 ; elapsed = 00:01:03 . Memory (MB): peak = 983.531 ; gain = 450.672
---------------------------------------------------------------------------------
---------------------------------------------------------------------------------
Start Renaming Generated Nets
---------------------------------------------------------------------------------
---------------------------------------------------------------------------------
Finished Renaming Generated Nets : Time (s): cpu = 00:01:02 ; elapsed = 00:01:03 . Memory (MB): peak = 983.531 ; gain = 450.672
---------------------------------------------------------------------------------
---------------------------------------------------------------------------------
Start Writing Synthesis Report
---------------------------------------------------------------------------------

Report BlackBoxes: 
+-+--------------+----------+
| |BlackBox name |Instances |
+-+--------------+----------+
+-+--------------+----------+

Report Cell Usage: 
+------+----------+------+
|      |Cell      |Count |
+------+----------+------+
|1     |BUFG      |     2|
|2     |CARRY4    |    48|
|3     |LUT1      |    47|
|4     |LUT2      |    69|
|5     |LUT3      |   387|
|6     |LUT4      |   129|
|7     |LUT5      |   140|
|8     |LUT6      |   715|
|9     |MUXF7     |   118|
|10    |RAM128X1S |    32|
|11    |FDCE      |    40|
|12    |FDPE      |    12|
|13    |FDRE      |   652|
|14    |FDSE      |     2|
|15    |IBUF      |    24|
|16    |OBUF      |    32|
+------+----------+------+

Report Instance Areas: 
+------+----------------------+---------------+------+
|      |Instance              |Module         |Cells |
+------+----------------------+---------------+------+
|1     |top                   |               |  2449|
|2     |  UART1               |UART           |   111|
|3     |  Wrapper1            |Wrapper        |  2158|
|4     |    ARM1              |ARM            |  2030|
|5     |      ALU1            |ALU            |    24|
|6     |      CondLogic1      |CondLogic      |     1|
|7     |      ProgramCounter1 |ProgramCounter |   802|
|8     |      RegFile1        |RegFile        |  1203|
+------+----------------------+---------------+------+
---------------------------------------------------------------------------------
Finished Writing Synthesis Report : Time (s): cpu = 00:01:02 ; elapsed = 00:01:03 . Memory (MB): peak = 983.531 ; gain = 450.672
---------------------------------------------------------------------------------
Synthesis finished with 0 errors, 0 critical warnings and 2 warnings.
Synthesis Optimization Runtime : Time (s): cpu = 00:00:53 ; elapsed = 00:01:00 . Memory (MB): peak = 983.531 ; gain = 319.250
Synthesis Optimization Complete : Time (s): cpu = 00:01:02 ; elapsed = 00:01:03 . Memory (MB): peak = 983.531 ; gain = 450.672
INFO: [Project 1-571] Translating synthesized netlist
INFO: [Netlist 29-17] Analyzing 198 Unisim elements for replacement
INFO: [Netlist 29-28] Unisim Transformation completed in 0 CPU seconds
INFO: [Project 1-570] Preparing netlist for logic optimization
INFO: [Opt 31-138] Pushed 0 inverter(s) to 0 load pin(s).
Netlist sorting complete. Time (s): cpu = 00:00:00 ; elapsed = 00:00:00.001 . Memory (MB): peak = 988.902 ; gain = 0.000
INFO: [Project 1-111] Unisim Transformation Summary:
  A total of 32 instances were transformed.
  RAM128X1S => RAM128X1S (MUXF7, RAMS64E, RAMS64E): 32 instances

INFO: [Common 17-83] Releasing license: Synthesis
87 Infos, 5 Warnings, 0 Critical Warnings and 0 Errors encountered.
synth_design completed successfully
synth_design: Time (s): cpu = 00:01:08 ; elapsed = 00:01:10 . Memory (MB): peak = 988.902 ; gain = 692.199
Netlist sorting complete. Time (s): cpu = 00:00:00 ; elapsed = 00:00:00.001 . Memory (MB): peak = 988.902 ; gain = 0.000
WARNING: [Constraints 18-5210] No constraints selected for write.
Resolution: This message can indicate that there are no constraints for the design, or it can indicate that the used_in flags are set such that the constraints are ignored. This later case is used when running synth_design to not write synthesis constraints to the resulting checkpoint. Instead, project constraints are read when the synthesized design is opened.
INFO: [Common 17-1381] The checkpoint 'D:/YKT/NUS/AY1920/Sem1/CG3207/Lab/workspace/lab2temp/lab2temp/lab2temp.runs/synth_1/TOP.dcp' has been generated.
INFO: [runtcl-4] Executing : report_utilization -file TOP_utilization_synth.rpt -pb TOP_utilization_synth.pb
INFO: [Common 17-206] Exiting Vivado at Thu Oct 10 15:48:33 2019...
