
*** Running vivado
    with args -log TOP.vdi -applog -m64 -product Vivado -messageDb vivado.pb -mode batch -source TOP.tcl -notrace


****** Vivado v2019.1 (64-bit)
  **** SW Build 2552052 on Fri May 24 14:49:42 MDT 2019
  **** IP Build 2548770 on Fri May 24 18:01:18 MDT 2019
    ** Copyright 1986-2019 Xilinx, Inc. All Rights Reserved.

source TOP.tcl -notrace
Command: link_design -top TOP -part xc7a100tcsg324-1
Design is defaulting to srcset: sources_1
Design is defaulting to constrset: constrs_1
INFO: [Device 21-403] Loading part xc7a100tcsg324-1
INFO: [Netlist 29-17] Analyzing 82 Unisim elements for replacement
INFO: [Netlist 29-28] Unisim Transformation completed in 0 CPU seconds
INFO: [Project 1-479] Netlist was created with Vivado 2019.1
INFO: [Project 1-570] Preparing netlist for logic optimization
Parsing XDC File [D:/YKT/NUS/AY1920/Sem1/CG3207/Lab/workspace/lab2temp/lab2temp/src/TOP.xdc]
Finished Parsing XDC File [D:/YKT/NUS/AY1920/Sem1/CG3207/Lab/workspace/lab2temp/lab2temp/src/TOP.xdc]
INFO: [Opt 31-138] Pushed 0 inverter(s) to 0 load pin(s).
Netlist sorting complete. Time (s): cpu = 00:00:00 ; elapsed = 00:00:00.001 . Memory (MB): peak = 663.762 ; gain = 0.000
INFO: [Project 1-111] Unisim Transformation Summary:
  A total of 44 instances were transformed.
  RAM128X1S => RAM128X1S (MUXF7, RAMS64E, RAMS64E): 32 instances
  RAM32M => RAM32M (RAMD32, RAMD32, RAMD32, RAMD32, RAMD32, RAMD32, RAMS32, RAMS32): 12 instances

7 Infos, 0 Warnings, 0 Critical Warnings and 0 Errors encountered.
link_design completed successfully
link_design: Time (s): cpu = 00:00:09 ; elapsed = 00:00:11 . Memory (MB): peak = 663.762 ; gain = 368.574
Command: opt_design
Attempting to get a license for feature 'Implementation' and/or device 'xc7a100t'
INFO: [Common 17-349] Got license for feature 'Implementation' and/or device 'xc7a100t'
Running DRC as a precondition to command opt_design

Starting DRC Task
INFO: [DRC 23-27] Running DRC with 2 threads
INFO: [Project 1-461] DRC finished with 0 Errors
INFO: [Project 1-462] Please refer to the DRC report (report_drc) for more information.

Time (s): cpu = 00:00:02 ; elapsed = 00:00:00.948 . Memory (MB): peak = 684.711 ; gain = 20.949

Starting Cache Timing Information Task
INFO: [Timing 38-35] Done setting XDC timing constraints.
Ending Cache Timing Information Task | Checksum: 1a452acd8

Time (s): cpu = 00:00:13 ; elapsed = 00:00:13 . Memory (MB): peak = 1234.980 ; gain = 550.270

Starting Logic Optimization Task

Phase 1 Retarget
INFO: [Opt 31-138] Pushed 0 inverter(s) to 0 load pin(s).
INFO: [Opt 31-49] Retargeted 0 cell(s).
Phase 1 Retarget | Checksum: 1a452acd8

Time (s): cpu = 00:00:00 ; elapsed = 00:00:00.091 . Memory (MB): peak = 1376.141 ; gain = 0.000
INFO: [Opt 31-389] Phase Retarget created 0 cells and removed 0 cells
INFO: [Opt 31-1021] In phase Retarget, 1 netlist objects are constrained preventing optimization. Please run opt_design with -debug_log to get more detail. 

Phase 2 Constant propagation
INFO: [Opt 31-138] Pushed 0 inverter(s) to 0 load pin(s).
Phase 2 Constant propagation | Checksum: 19fbecdd4

Time (s): cpu = 00:00:00 ; elapsed = 00:00:00.107 . Memory (MB): peak = 1376.141 ; gain = 0.000
INFO: [Opt 31-389] Phase Constant propagation created 0 cells and removed 0 cells

Phase 3 Sweep
Phase 3 Sweep | Checksum: 1f036de55

Time (s): cpu = 00:00:00 ; elapsed = 00:00:00.175 . Memory (MB): peak = 1376.141 ; gain = 0.000
INFO: [Opt 31-389] Phase Sweep created 0 cells and removed 0 cells

Phase 4 BUFG optimization
Phase 4 BUFG optimization | Checksum: 1f036de55

Time (s): cpu = 00:00:00 ; elapsed = 00:00:00.226 . Memory (MB): peak = 1376.141 ; gain = 0.000
INFO: [Opt 31-662] Phase BUFG optimization created 0 cells of which 0 are BUFGs and removed 0 cells.

Phase 5 Shift Register Optimization
INFO: [Opt 31-1064] SRL Remap converted 0 SRLs to 0 registers and converted 0 registers of register chains to 0 SRLs
Phase 5 Shift Register Optimization | Checksum: 1f036de55

Time (s): cpu = 00:00:00 ; elapsed = 00:00:00.257 . Memory (MB): peak = 1376.141 ; gain = 0.000
INFO: [Opt 31-389] Phase Shift Register Optimization created 0 cells and removed 0 cells

Phase 6 Post Processing Netlist
Phase 6 Post Processing Netlist | Checksum: 1f036de55

Time (s): cpu = 00:00:00 ; elapsed = 00:00:00.272 . Memory (MB): peak = 1376.141 ; gain = 0.000
INFO: [Opt 31-389] Phase Post Processing Netlist created 0 cells and removed 0 cells
Opt_design Change Summary
=========================


-------------------------------------------------------------------------------------------------------------------------
|  Phase                        |  #Cells created  |  #Cells Removed  |  #Constrained objects preventing optimizations  |
-------------------------------------------------------------------------------------------------------------------------
|  Retarget                     |               0  |               0  |                                              1  |
|  Constant propagation         |               0  |               0  |                                              0  |
|  Sweep                        |               0  |               0  |                                              0  |
|  BUFG optimization            |               0  |               0  |                                              0  |
|  Shift Register Optimization  |               0  |               0  |                                              0  |
|  Post Processing Netlist      |               0  |               0  |                                              0  |
-------------------------------------------------------------------------------------------------------------------------



Starting Connectivity Check Task

Time (s): cpu = 00:00:00 ; elapsed = 00:00:00.006 . Memory (MB): peak = 1376.141 ; gain = 0.000
Ending Logic Optimization Task | Checksum: 1deb36f46

Time (s): cpu = 00:00:00 ; elapsed = 00:00:00.326 . Memory (MB): peak = 1376.141 ; gain = 0.000

Starting Power Optimization Task
INFO: [Pwropt 34-132] Skipping clock gating for clocks with a period < 2.00 ns.
Ending Power Optimization Task | Checksum: 1deb36f46

Time (s): cpu = 00:00:00 ; elapsed = 00:00:00.017 . Memory (MB): peak = 1376.141 ; gain = 0.000

Starting Final Cleanup Task
Ending Final Cleanup Task | Checksum: 1deb36f46

Time (s): cpu = 00:00:00 ; elapsed = 00:00:00 . Memory (MB): peak = 1376.141 ; gain = 0.000

Starting Netlist Obfuscation Task
Netlist sorting complete. Time (s): cpu = 00:00:00 ; elapsed = 00:00:00.001 . Memory (MB): peak = 1376.141 ; gain = 0.000
Ending Netlist Obfuscation Task | Checksum: 1deb36f46

Time (s): cpu = 00:00:00 ; elapsed = 00:00:00.001 . Memory (MB): peak = 1376.141 ; gain = 0.000
INFO: [Common 17-83] Releasing license: Implementation
25 Infos, 0 Warnings, 0 Critical Warnings and 0 Errors encountered.
opt_design completed successfully
opt_design: Time (s): cpu = 00:00:17 ; elapsed = 00:00:17 . Memory (MB): peak = 1376.141 ; gain = 712.379
Netlist sorting complete. Time (s): cpu = 00:00:00 ; elapsed = 00:00:00.001 . Memory (MB): peak = 1376.141 ; gain = 0.000
INFO: [Timing 38-480] Writing timing data to binary archive.
Writing placer database...
Writing XDEF routing.
Writing XDEF routing logical nets.
Writing XDEF routing special nets.
Write XDEF Complete: Time (s): cpu = 00:00:00 ; elapsed = 00:00:00.075 . Memory (MB): peak = 1376.141 ; gain = 0.000
INFO: [Common 17-1381] The checkpoint 'D:/YKT/NUS/AY1920/Sem1/CG3207/Lab/workspace/lab2temp/lab2temp/lab2temp.runs/impl_1/TOP_opt.dcp' has been generated.
INFO: [runtcl-4] Executing : report_drc -file TOP_drc_opted.rpt -pb TOP_drc_opted.pb -rpx TOP_drc_opted.rpx
Command: report_drc -file TOP_drc_opted.rpt -pb TOP_drc_opted.pb -rpx TOP_drc_opted.rpx
INFO: [IP_Flow 19-234] Refreshing IP repositories
INFO: [IP_Flow 19-1704] No user IP repositories specified
INFO: [IP_Flow 19-2313] Loaded Vivado IP repository 'C:/Xilinx/Vivado/2019.1/data/ip'.
INFO: [DRC 23-27] Running DRC with 2 threads
INFO: [Coretcl 2-168] The results of DRC are in file D:/YKT/NUS/AY1920/Sem1/CG3207/Lab/workspace/lab2temp/lab2temp/lab2temp.runs/impl_1/TOP_drc_opted.rpt.
report_drc completed successfully
Command: place_design
Attempting to get a license for feature 'Implementation' and/or device 'xc7a100t'
INFO: [Common 17-349] Got license for feature 'Implementation' and/or device 'xc7a100t'
INFO: [DRC 23-27] Running DRC with 2 threads
INFO: [Vivado_Tcl 4-198] DRC finished with 0 Errors
INFO: [Vivado_Tcl 4-199] Please refer to the DRC report (report_drc) for more information.
Running DRC as a precondition to command place_design
INFO: [DRC 23-27] Running DRC with 2 threads
INFO: [Vivado_Tcl 4-198] DRC finished with 0 Errors
INFO: [Vivado_Tcl 4-199] Please refer to the DRC report (report_drc) for more information.

Starting Placer Task
INFO: [Place 30-611] Multithreading enabled for place_design using a maximum of 2 CPUs

Phase 1 Placer Initialization

Phase 1.1 Placer Initialization Netlist Sorting
Netlist sorting complete. Time (s): cpu = 00:00:00 ; elapsed = 00:00:00 . Memory (MB): peak = 1376.141 ; gain = 0.000
Phase 1.1 Placer Initialization Netlist Sorting | Checksum: e978a549

Time (s): cpu = 00:00:00 ; elapsed = 00:00:00.006 . Memory (MB): peak = 1376.141 ; gain = 0.000
Netlist sorting complete. Time (s): cpu = 00:00:00 ; elapsed = 00:00:00 . Memory (MB): peak = 1376.141 ; gain = 0.000

Phase 1.2 IO Placement/ Clock Placement/ Build Placer Device
INFO: [Timing 38-35] Done setting XDC timing constraints.
Phase 1.2 IO Placement/ Clock Placement/ Build Placer Device | Checksum: bdff5d69

Time (s): cpu = 00:00:02 ; elapsed = 00:00:02 . Memory (MB): peak = 1376.141 ; gain = 0.000

Phase 1.3 Build Placer Netlist Model
Phase 1.3 Build Placer Netlist Model | Checksum: c6b87236

Time (s): cpu = 00:00:03 ; elapsed = 00:00:02 . Memory (MB): peak = 1376.141 ; gain = 0.000

Phase 1.4 Constrain Clocks/Macros
Phase 1.4 Constrain Clocks/Macros | Checksum: c6b87236

Time (s): cpu = 00:00:03 ; elapsed = 00:00:02 . Memory (MB): peak = 1376.141 ; gain = 0.000
Phase 1 Placer Initialization | Checksum: c6b87236

Time (s): cpu = 00:00:03 ; elapsed = 00:00:02 . Memory (MB): peak = 1376.141 ; gain = 0.000

Phase 2 Global Placement

Phase 2.1 Floorplanning
Phase 2.1 Floorplanning | Checksum: 16f93e4e0

Time (s): cpu = 00:00:03 ; elapsed = 00:00:02 . Memory (MB): peak = 1376.141 ; gain = 0.000

Phase 2.2 Global Placement Core

Phase 2.2.1 Physical Synthesis In Placer
INFO: [Physopt 32-65] No nets found for high-fanout optimization.
INFO: [Physopt 32-232] Optimized 0 net. Created 0 new instance.
INFO: [Physopt 32-775] End 1 Pass. Optimized 0 net or cell. Created 0 new cell, deleted 0 existing cell and moved 0 existing cell
INFO: [Physopt 32-670] No setup violation found.  DSP Register Optimization was not performed.
INFO: [Physopt 32-670] No setup violation found.  Shift Register Optimization was not performed.
INFO: [Physopt 32-670] No setup violation found.  BRAM Register Optimization was not performed.
INFO: [Physopt 32-949] No candidate nets found for HD net replication
INFO: [Physopt 32-775] End 1 Pass. Optimized 0 net or cell. Created 0 new cell, deleted 0 existing cell and moved 0 existing cell
Netlist sorting complete. Time (s): cpu = 00:00:00 ; elapsed = 00:00:00.001 . Memory (MB): peak = 1376.141 ; gain = 0.000

Summary of Physical Synthesis Optimizations
============================================


----------------------------------------------------------------------------------------------------------------------------------------
|  Optimization                  |  Added Cells  |  Removed Cells  |  Optimized Cells/Nets  |  Dont Touch  |  Iterations  |  Elapsed   |
----------------------------------------------------------------------------------------------------------------------------------------
|  Very High Fanout              |            0  |              0  |                     0  |           0  |           1  |  00:00:00  |
|  DSP Register                  |            0  |              0  |                     0  |           0  |           0  |  00:00:00  |
|  Shift Register                |            0  |              0  |                     0  |           0  |           0  |  00:00:00  |
|  BRAM Register                 |            0  |              0  |                     0  |           0  |           0  |  00:00:00  |
|  HD Interface Net Replication  |            0  |              0  |                     0  |           0  |           1  |  00:00:00  |
|  Total                         |            0  |              0  |                     0  |           0  |           2  |  00:00:00  |
----------------------------------------------------------------------------------------------------------------------------------------


Phase 2.2.1 Physical Synthesis In Placer | Checksum: 1571c12a0

Time (s): cpu = 00:00:07 ; elapsed = 00:00:05 . Memory (MB): peak = 1376.141 ; gain = 0.000
Phase 2.2 Global Placement Core | Checksum: 15ade15a0

Time (s): cpu = 00:00:07 ; elapsed = 00:00:05 . Memory (MB): peak = 1376.141 ; gain = 0.000
Phase 2 Global Placement | Checksum: 15ade15a0

Time (s): cpu = 00:00:07 ; elapsed = 00:00:05 . Memory (MB): peak = 1376.141 ; gain = 0.000

Phase 3 Detail Placement

Phase 3.1 Commit Multi Column Macros
Phase 3.1 Commit Multi Column Macros | Checksum: e4ee33bc

Time (s): cpu = 00:00:08 ; elapsed = 00:00:05 . Memory (MB): peak = 1376.141 ; gain = 0.000

Phase 3.2 Commit Most Macros & LUTRAMs
Phase 3.2 Commit Most Macros & LUTRAMs | Checksum: 1641c2365

Time (s): cpu = 00:00:08 ; elapsed = 00:00:05 . Memory (MB): peak = 1376.141 ; gain = 0.000

Phase 3.3 Area Swap Optimization
Phase 3.3 Area Swap Optimization | Checksum: dadcaa3e

Time (s): cpu = 00:00:08 ; elapsed = 00:00:05 . Memory (MB): peak = 1376.141 ; gain = 0.000

Phase 3.4 Pipeline Register Optimization
Phase 3.4 Pipeline Register Optimization | Checksum: 14b1e4d40

Time (s): cpu = 00:00:08 ; elapsed = 00:00:05 . Memory (MB): peak = 1376.141 ; gain = 0.000

Phase 3.5 Small Shape Detail Placement
Phase 3.5 Small Shape Detail Placement | Checksum: 1df240c48

Time (s): cpu = 00:00:09 ; elapsed = 00:00:06 . Memory (MB): peak = 1376.141 ; gain = 0.000

Phase 3.6 Re-assign LUT pins
Phase 3.6 Re-assign LUT pins | Checksum: 18a702f16

Time (s): cpu = 00:00:09 ; elapsed = 00:00:06 . Memory (MB): peak = 1376.141 ; gain = 0.000

Phase 3.7 Pipeline Register Optimization
Phase 3.7 Pipeline Register Optimization | Checksum: 11ab1d218

Time (s): cpu = 00:00:09 ; elapsed = 00:00:06 . Memory (MB): peak = 1376.141 ; gain = 0.000
Phase 3 Detail Placement | Checksum: 11ab1d218

Time (s): cpu = 00:00:09 ; elapsed = 00:00:06 . Memory (MB): peak = 1376.141 ; gain = 0.000

Phase 4 Post Placement Optimization and Clean-Up

Phase 4.1 Post Commit Optimization
INFO: [Timing 38-35] Done setting XDC timing constraints.

Phase 4.1.1 Post Placement Optimization
Post Placement Optimization Initialization | Checksum: 16a68f9f6

Phase 4.1.1.1 BUFG Insertion
INFO: [Place 46-56] BUFG insertion identified 0 candidate nets. Inserted BUFG: 0, Replicated BUFG Driver: 0, Skipped due to Placement/Routing Conflicts: 0, Skipped due to Timing Degradation: 0, Skipped due to Illegal Netlist: 0.
Phase 4.1.1.1 BUFG Insertion | Checksum: 16a68f9f6

Time (s): cpu = 00:00:09 ; elapsed = 00:00:06 . Memory (MB): peak = 1391.156 ; gain = 15.016
INFO: [Place 30-746] Post Placement Timing Summary WNS=0.253. For the most accurate timing information please run report_timing.
Phase 4.1.1 Post Placement Optimization | Checksum: 1cac086bf

Time (s): cpu = 00:00:12 ; elapsed = 00:00:09 . Memory (MB): peak = 1391.156 ; gain = 15.016
Phase 4.1 Post Commit Optimization | Checksum: 1cac086bf

Time (s): cpu = 00:00:12 ; elapsed = 00:00:09 . Memory (MB): peak = 1391.156 ; gain = 15.016

Phase 4.2 Post Placement Cleanup
Phase 4.2 Post Placement Cleanup | Checksum: 1cac086bf

Time (s): cpu = 00:00:12 ; elapsed = 00:00:09 . Memory (MB): peak = 1391.156 ; gain = 15.016

Phase 4.3 Placer Reporting
Phase 4.3 Placer Reporting | Checksum: 1cac086bf

Time (s): cpu = 00:00:12 ; elapsed = 00:00:09 . Memory (MB): peak = 1391.156 ; gain = 15.016

Phase 4.4 Final Placement Cleanup
Netlist sorting complete. Time (s): cpu = 00:00:00 ; elapsed = 00:00:00 . Memory (MB): peak = 1391.156 ; gain = 0.000
Phase 4.4 Final Placement Cleanup | Checksum: 145a1f28b

Time (s): cpu = 00:00:12 ; elapsed = 00:00:09 . Memory (MB): peak = 1391.156 ; gain = 15.016
Phase 4 Post Placement Optimization and Clean-Up | Checksum: 145a1f28b

Time (s): cpu = 00:00:12 ; elapsed = 00:00:09 . Memory (MB): peak = 1391.156 ; gain = 15.016
Ending Placer Task | Checksum: 76886f52

Time (s): cpu = 00:00:12 ; elapsed = 00:00:09 . Memory (MB): peak = 1391.156 ; gain = 15.016
INFO: [Common 17-83] Releasing license: Implementation
54 Infos, 0 Warnings, 0 Critical Warnings and 0 Errors encountered.
place_design completed successfully
place_design: Time (s): cpu = 00:00:14 ; elapsed = 00:00:10 . Memory (MB): peak = 1391.156 ; gain = 15.016
Netlist sorting complete. Time (s): cpu = 00:00:00 ; elapsed = 00:00:00.001 . Memory (MB): peak = 1391.156 ; gain = 0.000
INFO: [Timing 38-480] Writing timing data to binary archive.
Writing placer database...
Writing XDEF routing.
Writing XDEF routing logical nets.
Writing XDEF routing special nets.
Write XDEF Complete: Time (s): cpu = 00:00:01 ; elapsed = 00:00:00.259 . Memory (MB): peak = 1392.176 ; gain = 1.020
INFO: [Common 17-1381] The checkpoint 'D:/YKT/NUS/AY1920/Sem1/CG3207/Lab/workspace/lab2temp/lab2temp/lab2temp.runs/impl_1/TOP_placed.dcp' has been generated.
INFO: [runtcl-4] Executing : report_io -file TOP_io_placed.rpt
report_io: Time (s): cpu = 00:00:00 ; elapsed = 00:00:00.099 . Memory (MB): peak = 1392.176 ; gain = 0.000
INFO: [runtcl-4] Executing : report_utilization -file TOP_utilization_placed.rpt -pb TOP_utilization_placed.pb
INFO: [runtcl-4] Executing : report_control_sets -verbose -file TOP_control_sets_placed.rpt
report_control_sets: Time (s): cpu = 00:00:00 ; elapsed = 00:00:00.027 . Memory (MB): peak = 1392.176 ; gain = 0.000
Command: route_design
Attempting to get a license for feature 'Implementation' and/or device 'xc7a100t'
INFO: [Common 17-349] Got license for feature 'Implementation' and/or device 'xc7a100t'
Running DRC as a precondition to command route_design
INFO: [DRC 23-27] Running DRC with 2 threads
INFO: [Vivado_Tcl 4-198] DRC finished with 0 Errors
INFO: [Vivado_Tcl 4-199] Please refer to the DRC report (report_drc) for more information.


Starting Routing Task
INFO: [Route 35-254] Multithreading enabled for route_design using a maximum of 2 CPUs
Checksum: PlaceDB: 3ab1c46 ConstDB: 0 ShapeSum: 72dd530c RouteDB: 0

Phase 1 Build RT Design
Phase 1 Build RT Design | Checksum: fcbedecf

Time (s): cpu = 00:00:49 ; elapsed = 00:00:42 . Memory (MB): peak = 1523.988 ; gain = 120.809
Post Restoration Checksum: NetGraph: 541a14da NumContArr: a8a4c9f5 Constraints: 0 Timing: 0

Phase 2 Router Initialization

Phase 2.1 Create Timer
Phase 2.1 Create Timer | Checksum: fcbedecf

Time (s): cpu = 00:00:49 ; elapsed = 00:00:42 . Memory (MB): peak = 1556.254 ; gain = 153.074

Phase 2.2 Fix Topology Constraints
Phase 2.2 Fix Topology Constraints | Checksum: fcbedecf

Time (s): cpu = 00:00:49 ; elapsed = 00:00:42 . Memory (MB): peak = 1563.094 ; gain = 159.914

Phase 2.3 Pre Route Cleanup
Phase 2.3 Pre Route Cleanup | Checksum: fcbedecf

Time (s): cpu = 00:00:49 ; elapsed = 00:00:42 . Memory (MB): peak = 1563.094 ; gain = 159.914
 Number of Nodes with overlaps = 0

Phase 2.4 Update Timing
Phase 2.4 Update Timing | Checksum: 10262e770

Time (s): cpu = 00:00:50 ; elapsed = 00:00:43 . Memory (MB): peak = 1578.922 ; gain = 175.742
INFO: [Route 35-416] Intermediate Timing Summary | WNS=0.156  | TNS=0.000  | WHS=-0.148 | THS=-3.146 |

Phase 2 Router Initialization | Checksum: 100594752

Time (s): cpu = 00:00:50 ; elapsed = 00:00:43 . Memory (MB): peak = 1578.922 ; gain = 175.742

Router Utilization Summary
  Global Vertical Routing Utilization    = 0.000522261 %
  Global Horizontal Routing Utilization  = 0.000781472 %
  Routable Net Status*
  *Does not include unroutable nets such as driverless and loadless.
  Run report_route_status for detailed report.
  Number of Failed Nets               = 1079
    (Failed Nets is the sum of unrouted and partially routed nets)
  Number of Unrouted Nets             = 1079
  Number of Partially Routed Nets     = 0
  Number of Node Overlaps             = 0


Phase 3 Initial Routing
Phase 3 Initial Routing | Checksum: 1531d8391

Time (s): cpu = 00:00:51 ; elapsed = 00:00:44 . Memory (MB): peak = 1578.922 ; gain = 175.742
INFO: [Route 35-580] Design has 1 pins with tight setup and hold constraints.

The top 5 pins with tight setup and hold constraints:

+--------------------------+--------------------------+----------------------------------------------------------------------------------------------------------+
|       Launch Clock       |      Capture Clock       |                                                 Pin                                                      |
+--------------------------+--------------------------+----------------------------------------------------------------------------------------------------------+
|              sys_clk_pin |              sys_clk_pin |                                                                                             RX_MSF2_reg/D|
+--------------------------+--------------------------+----------------------------------------------------------------------------------------------------------+

File with complete list of pins: tight_setup_hold_pins.txt


Phase 4 Rip-up And Reroute

Phase 4.1 Global Iteration 0
 Number of Nodes with overlaps = 158
 Number of Nodes with overlaps = 0
INFO: [Route 35-416] Intermediate Timing Summary | WNS=0.158  | TNS=0.000  | WHS=N/A    | THS=N/A    |

Phase 4.1 Global Iteration 0 | Checksum: 193ca6ad6

Time (s): cpu = 00:00:51 ; elapsed = 00:00:44 . Memory (MB): peak = 1578.922 ; gain = 175.742

Phase 4.2 Global Iteration 1
 Number of Nodes with overlaps = 2
 Number of Nodes with overlaps = 0
INFO: [Route 35-416] Intermediate Timing Summary | WNS=0.158  | TNS=0.000  | WHS=N/A    | THS=N/A    |

Phase 4.2 Global Iteration 1 | Checksum: 27dcb67a0

Time (s): cpu = 00:00:51 ; elapsed = 00:00:44 . Memory (MB): peak = 1578.922 ; gain = 175.742
Phase 4 Rip-up And Reroute | Checksum: 27dcb67a0

Time (s): cpu = 00:00:52 ; elapsed = 00:00:44 . Memory (MB): peak = 1578.922 ; gain = 175.742

Phase 5 Delay and Skew Optimization

Phase 5.1 Delay CleanUp
Phase 5.1 Delay CleanUp | Checksum: 27dcb67a0

Time (s): cpu = 00:00:52 ; elapsed = 00:00:44 . Memory (MB): peak = 1578.922 ; gain = 175.742

Phase 5.2 Clock Skew Optimization
Phase 5.2 Clock Skew Optimization | Checksum: 27dcb67a0

Time (s): cpu = 00:00:52 ; elapsed = 00:00:44 . Memory (MB): peak = 1578.922 ; gain = 175.742
Phase 5 Delay and Skew Optimization | Checksum: 27dcb67a0

Time (s): cpu = 00:00:52 ; elapsed = 00:00:44 . Memory (MB): peak = 1578.922 ; gain = 175.742

Phase 6 Post Hold Fix

Phase 6.1 Hold Fix Iter

Phase 6.1.1 Update Timing
Phase 6.1.1 Update Timing | Checksum: 28e2e9e58

Time (s): cpu = 00:00:52 ; elapsed = 00:00:44 . Memory (MB): peak = 1578.922 ; gain = 175.742
INFO: [Route 35-416] Intermediate Timing Summary | WNS=0.254  | TNS=0.000  | WHS=0.103  | THS=0.000  |

Phase 6.1 Hold Fix Iter | Checksum: 243eb9e9e

Time (s): cpu = 00:00:52 ; elapsed = 00:00:44 . Memory (MB): peak = 1578.922 ; gain = 175.742
Phase 6 Post Hold Fix | Checksum: 243eb9e9e

Time (s): cpu = 00:00:52 ; elapsed = 00:00:44 . Memory (MB): peak = 1578.922 ; gain = 175.742

Phase 7 Route finalize

Router Utilization Summary
  Global Vertical Routing Utilization    = 0.185446 %
  Global Horizontal Routing Utilization  = 0.258241 %
  Routable Net Status*
  *Does not include unroutable nets such as driverless and loadless.
  Run report_route_status for detailed report.
  Number of Failed Nets               = 0
    (Failed Nets is the sum of unrouted and partially routed nets)
  Number of Unrouted Nets             = 0
  Number of Partially Routed Nets     = 0
  Number of Node Overlaps             = 0

Phase 7 Route finalize | Checksum: 2b15d7cbb

Time (s): cpu = 00:00:52 ; elapsed = 00:00:44 . Memory (MB): peak = 1578.922 ; gain = 175.742

Phase 8 Verifying routed nets

 Verification completed successfully
Phase 8 Verifying routed nets | Checksum: 2b15d7cbb

Time (s): cpu = 00:00:52 ; elapsed = 00:00:44 . Memory (MB): peak = 1578.922 ; gain = 175.742

Phase 9 Depositing Routes
Phase 9 Depositing Routes | Checksum: 2d4a6945b

Time (s): cpu = 00:00:52 ; elapsed = 00:00:45 . Memory (MB): peak = 1578.922 ; gain = 175.742

Phase 10 Post Router Timing
INFO: [Route 35-57] Estimated Timing Summary | WNS=0.254  | TNS=0.000  | WHS=0.103  | THS=0.000  |

INFO: [Route 35-327] The final timing numbers are based on the router estimated timing analysis. For a complete and accurate timing signoff, please run report_timing_summary.
Phase 10 Post Router Timing | Checksum: 2d4a6945b

Time (s): cpu = 00:00:52 ; elapsed = 00:00:45 . Memory (MB): peak = 1578.922 ; gain = 175.742
INFO: [Route 35-16] Router Completed Successfully

Time (s): cpu = 00:00:52 ; elapsed = 00:00:45 . Memory (MB): peak = 1578.922 ; gain = 175.742

Routing Is Done.
INFO: [Common 17-83] Releasing license: Implementation
73 Infos, 0 Warnings, 0 Critical Warnings and 0 Errors encountered.
route_design completed successfully
route_design: Time (s): cpu = 00:00:54 ; elapsed = 00:00:46 . Memory (MB): peak = 1578.922 ; gain = 186.746
Netlist sorting complete. Time (s): cpu = 00:00:00 ; elapsed = 00:00:00.001 . Memory (MB): peak = 1578.922 ; gain = 0.000
INFO: [Timing 38-480] Writing timing data to binary archive.
Writing placer database...
Writing XDEF routing.
Writing XDEF routing logical nets.
Writing XDEF routing special nets.
Write XDEF Complete: Time (s): cpu = 00:00:01 ; elapsed = 00:00:00.237 . Memory (MB): peak = 1587.293 ; gain = 8.371
INFO: [Common 17-1381] The checkpoint 'D:/YKT/NUS/AY1920/Sem1/CG3207/Lab/workspace/lab2temp/lab2temp/lab2temp.runs/impl_1/TOP_routed.dcp' has been generated.
INFO: [runtcl-4] Executing : report_drc -file TOP_drc_routed.rpt -pb TOP_drc_routed.pb -rpx TOP_drc_routed.rpx
Command: report_drc -file TOP_drc_routed.rpt -pb TOP_drc_routed.pb -rpx TOP_drc_routed.rpx
INFO: [IP_Flow 19-1839] IP Catalog is up to date.
INFO: [DRC 23-27] Running DRC with 2 threads
INFO: [Coretcl 2-168] The results of DRC are in file D:/YKT/NUS/AY1920/Sem1/CG3207/Lab/workspace/lab2temp/lab2temp/lab2temp.runs/impl_1/TOP_drc_routed.rpt.
report_drc completed successfully
INFO: [runtcl-4] Executing : report_methodology -file TOP_methodology_drc_routed.rpt -pb TOP_methodology_drc_routed.pb -rpx TOP_methodology_drc_routed.rpx
Command: report_methodology -file TOP_methodology_drc_routed.rpt -pb TOP_methodology_drc_routed.pb -rpx TOP_methodology_drc_routed.rpx
INFO: [Timing 38-35] Done setting XDC timing constraints.
INFO: [DRC 23-133] Running Methodology with 2 threads
INFO: [Coretcl 2-1520] The results of Report Methodology are in file D:/YKT/NUS/AY1920/Sem1/CG3207/Lab/workspace/lab2temp/lab2temp/lab2temp.runs/impl_1/TOP_methodology_drc_routed.rpt.
report_methodology completed successfully
INFO: [runtcl-4] Executing : report_power -file TOP_power_routed.rpt -pb TOP_power_summary_routed.pb -rpx TOP_power_routed.rpx
Command: report_power -file TOP_power_routed.rpt -pb TOP_power_summary_routed.pb -rpx TOP_power_routed.rpx
INFO: [Timing 38-35] Done setting XDC timing constraints.
Running Vector-less Activity Propagation...

Finished Running Vector-less Activity Propagation
85 Infos, 0 Warnings, 0 Critical Warnings and 0 Errors encountered.
report_power completed successfully
INFO: [runtcl-4] Executing : report_route_status -file TOP_route_status.rpt -pb TOP_route_status.pb
INFO: [runtcl-4] Executing : report_timing_summary -max_paths 10 -file TOP_timing_summary_routed.rpt -pb TOP_timing_summary_routed.pb -rpx TOP_timing_summary_routed.rpx -warn_on_violation 
INFO: [Timing 38-91] UpdateTimingParams: Speed grade: -1, Delay Type: min_max.
INFO: [Timing 38-191] Multithreading enabled for timing update using a maximum of 2 CPUs
INFO: [runtcl-4] Executing : report_incremental_reuse -file TOP_incremental_reuse_routed.rpt
INFO: [Vivado_Tcl 4-1062] Incremental flow is disabled. No incremental reuse Info to report.
INFO: [runtcl-4] Executing : report_clock_utilization -file TOP_clock_utilization_routed.rpt
INFO: [runtcl-4] Executing : report_bus_skew -warn_on_violation -file TOP_bus_skew_routed.rpt -pb TOP_bus_skew_routed.pb -rpx TOP_bus_skew_routed.rpx
INFO: [Timing 38-91] UpdateTimingParams: Speed grade: -1, Delay Type: min_max.
INFO: [Timing 38-191] Multithreading enabled for timing update using a maximum of 2 CPUs
INFO: [Common 17-206] Exiting Vivado at Fri Sep 27 16:09:07 2019...
