Copyright 1986-2019 Xilinx, Inc. All Rights Reserved.
-----------------------------------------------------------------------------------------------------------------------------------------------
| Tool Version : Vivado v.2019.1 (win64) Build 2552052 Fri May 24 14:49:42 MDT 2019
| Date         : Thu Oct  3 16:31:57 2019
| Host         : NEW-81CKO7BCL2P running 64-bit major release  (build 9200)
| Command      : report_methodology -file TOP_methodology_drc_routed.rpt -pb TOP_methodology_drc_routed.pb -rpx TOP_methodology_drc_routed.rpx
| Design       : TOP
| Device       : xc7a100tcsg324-1
| Speed File   : -1
| Design State : Fully Routed
-----------------------------------------------------------------------------------------------------------------------------------------------

Report Methodology

Table of Contents
-----------------
1. REPORT SUMMARY
2. REPORT DETAILS

1. REPORT SUMMARY
-----------------
            Netlist: netlist
          Floorplan: design_1
      Design limits: <entire design considered>
             Max violations: <unlimited>
             Violations found: 279
+-----------+------------------+-------------------------------+------------+
| Rule      | Severity         | Description                   | Violations |
+-----------+------------------+-------------------------------+------------+
| TIMING-17 | Critical Warning | Non-clocked sequential cell   | 243        |
| LUTAR-1   | Warning          | LUT drives async reset alert  | 1          |
| TIMING-18 | Warning          | Missing input or output delay | 35         |
+-----------+------------------+-------------------------------+------------+

2. REPORT DETAILS
-----------------
TIMING-17#1 Critical Warning
Non-clocked sequential cell  
The clock pin Wrapper1/ARM1/CondLogic1/Z_reg/C is not reached by a timing clock
Related violations: <none>

TIMING-17#2 Critical Warning
Non-clocked sequential cell  
The clock pin Wrapper1/ARM1/ProgramCounter1/PC_reg[0]/C is not reached by a timing clock
Related violations: <none>

TIMING-17#3 Critical Warning
Non-clocked sequential cell  
The clock pin Wrapper1/ARM1/ProgramCounter1/PC_reg[10]/C is not reached by a timing clock
Related violations: <none>

TIMING-17#4 Critical Warning
Non-clocked sequential cell  
The clock pin Wrapper1/ARM1/ProgramCounter1/PC_reg[11]/C is not reached by a timing clock
Related violations: <none>

TIMING-17#5 Critical Warning
Non-clocked sequential cell  
The clock pin Wrapper1/ARM1/ProgramCounter1/PC_reg[12]/C is not reached by a timing clock
Related violations: <none>

TIMING-17#6 Critical Warning
Non-clocked sequential cell  
The clock pin Wrapper1/ARM1/ProgramCounter1/PC_reg[13]/C is not reached by a timing clock
Related violations: <none>

TIMING-17#7 Critical Warning
Non-clocked sequential cell  
The clock pin Wrapper1/ARM1/ProgramCounter1/PC_reg[14]/C is not reached by a timing clock
Related violations: <none>

TIMING-17#8 Critical Warning
Non-clocked sequential cell  
The clock pin Wrapper1/ARM1/ProgramCounter1/PC_reg[15]/C is not reached by a timing clock
Related violations: <none>

TIMING-17#9 Critical Warning
Non-clocked sequential cell  
The clock pin Wrapper1/ARM1/ProgramCounter1/PC_reg[16]/C is not reached by a timing clock
Related violations: <none>

TIMING-17#10 Critical Warning
Non-clocked sequential cell  
The clock pin Wrapper1/ARM1/ProgramCounter1/PC_reg[17]/C is not reached by a timing clock
Related violations: <none>

TIMING-17#11 Critical Warning
Non-clocked sequential cell  
The clock pin Wrapper1/ARM1/ProgramCounter1/PC_reg[18]/C is not reached by a timing clock
Related violations: <none>

TIMING-17#12 Critical Warning
Non-clocked sequential cell  
The clock pin Wrapper1/ARM1/ProgramCounter1/PC_reg[19]/C is not reached by a timing clock
Related violations: <none>

TIMING-17#13 Critical Warning
Non-clocked sequential cell  
The clock pin Wrapper1/ARM1/ProgramCounter1/PC_reg[1]/C is not reached by a timing clock
Related violations: <none>

TIMING-17#14 Critical Warning
Non-clocked sequential cell  
The clock pin Wrapper1/ARM1/ProgramCounter1/PC_reg[20]/C is not reached by a timing clock
Related violations: <none>

TIMING-17#15 Critical Warning
Non-clocked sequential cell  
The clock pin Wrapper1/ARM1/ProgramCounter1/PC_reg[21]/C is not reached by a timing clock
Related violations: <none>

TIMING-17#16 Critical Warning
Non-clocked sequential cell  
The clock pin Wrapper1/ARM1/ProgramCounter1/PC_reg[22]/C is not reached by a timing clock
Related violations: <none>

TIMING-17#17 Critical Warning
Non-clocked sequential cell  
The clock pin Wrapper1/ARM1/ProgramCounter1/PC_reg[23]/C is not reached by a timing clock
Related violations: <none>

TIMING-17#18 Critical Warning
Non-clocked sequential cell  
The clock pin Wrapper1/ARM1/ProgramCounter1/PC_reg[24]/C is not reached by a timing clock
Related violations: <none>

TIMING-17#19 Critical Warning
Non-clocked sequential cell  
The clock pin Wrapper1/ARM1/ProgramCounter1/PC_reg[25]/C is not reached by a timing clock
Related violations: <none>

TIMING-17#20 Critical Warning
Non-clocked sequential cell  
The clock pin Wrapper1/ARM1/ProgramCounter1/PC_reg[26]/C is not reached by a timing clock
Related violations: <none>

TIMING-17#21 Critical Warning
Non-clocked sequential cell  
The clock pin Wrapper1/ARM1/ProgramCounter1/PC_reg[27]/C is not reached by a timing clock
Related violations: <none>

TIMING-17#22 Critical Warning
Non-clocked sequential cell  
The clock pin Wrapper1/ARM1/ProgramCounter1/PC_reg[28]/C is not reached by a timing clock
Related violations: <none>

TIMING-17#23 Critical Warning
Non-clocked sequential cell  
The clock pin Wrapper1/ARM1/ProgramCounter1/PC_reg[29]/C is not reached by a timing clock
Related violations: <none>

TIMING-17#24 Critical Warning
Non-clocked sequential cell  
The clock pin Wrapper1/ARM1/ProgramCounter1/PC_reg[2]/C is not reached by a timing clock
Related violations: <none>

TIMING-17#25 Critical Warning
Non-clocked sequential cell  
The clock pin Wrapper1/ARM1/ProgramCounter1/PC_reg[30]/C is not reached by a timing clock
Related violations: <none>

TIMING-17#26 Critical Warning
Non-clocked sequential cell  
The clock pin Wrapper1/ARM1/ProgramCounter1/PC_reg[31]/C is not reached by a timing clock
Related violations: <none>

TIMING-17#27 Critical Warning
Non-clocked sequential cell  
The clock pin Wrapper1/ARM1/ProgramCounter1/PC_reg[3]/C is not reached by a timing clock
Related violations: <none>

TIMING-17#28 Critical Warning
Non-clocked sequential cell  
The clock pin Wrapper1/ARM1/ProgramCounter1/PC_reg[4]/C is not reached by a timing clock
Related violations: <none>

TIMING-17#29 Critical Warning
Non-clocked sequential cell  
The clock pin Wrapper1/ARM1/ProgramCounter1/PC_reg[5]/C is not reached by a timing clock
Related violations: <none>

TIMING-17#30 Critical Warning
Non-clocked sequential cell  
The clock pin Wrapper1/ARM1/ProgramCounter1/PC_reg[6]/C is not reached by a timing clock
Related violations: <none>

TIMING-17#31 Critical Warning
Non-clocked sequential cell  
The clock pin Wrapper1/ARM1/ProgramCounter1/PC_reg[7]/C is not reached by a timing clock
Related violations: <none>

TIMING-17#32 Critical Warning
Non-clocked sequential cell  
The clock pin Wrapper1/ARM1/ProgramCounter1/PC_reg[8]/C is not reached by a timing clock
Related violations: <none>

TIMING-17#33 Critical Warning
Non-clocked sequential cell  
The clock pin Wrapper1/ARM1/ProgramCounter1/PC_reg[9]/C is not reached by a timing clock
Related violations: <none>

TIMING-17#34 Critical Warning
Non-clocked sequential cell  
The clock pin Wrapper1/ARM1/RegFile1/RegBank_reg_r1_0_15_0_5/RAMA/CLK is not reached by a timing clock
Related violations: <none>

TIMING-17#35 Critical Warning
Non-clocked sequential cell  
The clock pin Wrapper1/ARM1/RegFile1/RegBank_reg_r1_0_15_0_5/RAMA_D1/CLK is not reached by a timing clock
Related violations: <none>

TIMING-17#36 Critical Warning
Non-clocked sequential cell  
The clock pin Wrapper1/ARM1/RegFile1/RegBank_reg_r1_0_15_0_5/RAMB/CLK is not reached by a timing clock
Related violations: <none>

TIMING-17#37 Critical Warning
Non-clocked sequential cell  
The clock pin Wrapper1/ARM1/RegFile1/RegBank_reg_r1_0_15_0_5/RAMB_D1/CLK is not reached by a timing clock
Related violations: <none>

TIMING-17#38 Critical Warning
Non-clocked sequential cell  
The clock pin Wrapper1/ARM1/RegFile1/RegBank_reg_r1_0_15_0_5/RAMC/CLK is not reached by a timing clock
Related violations: <none>

TIMING-17#39 Critical Warning
Non-clocked sequential cell  
The clock pin Wrapper1/ARM1/RegFile1/RegBank_reg_r1_0_15_0_5/RAMC_D1/CLK is not reached by a timing clock
Related violations: <none>

TIMING-17#40 Critical Warning
Non-clocked sequential cell  
The clock pin Wrapper1/ARM1/RegFile1/RegBank_reg_r1_0_15_0_5/RAMD/CLK is not reached by a timing clock
Related violations: <none>

TIMING-17#41 Critical Warning
Non-clocked sequential cell  
The clock pin Wrapper1/ARM1/RegFile1/RegBank_reg_r1_0_15_0_5/RAMD_D1/CLK is not reached by a timing clock
Related violations: <none>

TIMING-17#42 Critical Warning
Non-clocked sequential cell  
The clock pin Wrapper1/ARM1/RegFile1/RegBank_reg_r1_0_15_12_17/RAMA/CLK is not reached by a timing clock
Related violations: <none>

TIMING-17#43 Critical Warning
Non-clocked sequential cell  
The clock pin Wrapper1/ARM1/RegFile1/RegBank_reg_r1_0_15_12_17/RAMA_D1/CLK is not reached by a timing clock
Related violations: <none>

TIMING-17#44 Critical Warning
Non-clocked sequential cell  
The clock pin Wrapper1/ARM1/RegFile1/RegBank_reg_r1_0_15_12_17/RAMB/CLK is not reached by a timing clock
Related violations: <none>

TIMING-17#45 Critical Warning
Non-clocked sequential cell  
The clock pin Wrapper1/ARM1/RegFile1/RegBank_reg_r1_0_15_12_17/RAMB_D1/CLK is not reached by a timing clock
Related violations: <none>

TIMING-17#46 Critical Warning
Non-clocked sequential cell  
The clock pin Wrapper1/ARM1/RegFile1/RegBank_reg_r1_0_15_12_17/RAMC/CLK is not reached by a timing clock
Related violations: <none>

TIMING-17#47 Critical Warning
Non-clocked sequential cell  
The clock pin Wrapper1/ARM1/RegFile1/RegBank_reg_r1_0_15_12_17/RAMC_D1/CLK is not reached by a timing clock
Related violations: <none>

TIMING-17#48 Critical Warning
Non-clocked sequential cell  
The clock pin Wrapper1/ARM1/RegFile1/RegBank_reg_r1_0_15_12_17/RAMD/CLK is not reached by a timing clock
Related violations: <none>

TIMING-17#49 Critical Warning
Non-clocked sequential cell  
The clock pin Wrapper1/ARM1/RegFile1/RegBank_reg_r1_0_15_12_17/RAMD_D1/CLK is not reached by a timing clock
Related violations: <none>

TIMING-17#50 Critical Warning
Non-clocked sequential cell  
The clock pin Wrapper1/ARM1/RegFile1/RegBank_reg_r1_0_15_18_23/RAMA/CLK is not reached by a timing clock
Related violations: <none>

TIMING-17#51 Critical Warning
Non-clocked sequential cell  
The clock pin Wrapper1/ARM1/RegFile1/RegBank_reg_r1_0_15_18_23/RAMA_D1/CLK is not reached by a timing clock
Related violations: <none>

TIMING-17#52 Critical Warning
Non-clocked sequential cell  
The clock pin Wrapper1/ARM1/RegFile1/RegBank_reg_r1_0_15_18_23/RAMB/CLK is not reached by a timing clock
Related violations: <none>

TIMING-17#53 Critical Warning
Non-clocked sequential cell  
The clock pin Wrapper1/ARM1/RegFile1/RegBank_reg_r1_0_15_18_23/RAMB_D1/CLK is not reached by a timing clock
Related violations: <none>

TIMING-17#54 Critical Warning
Non-clocked sequential cell  
The clock pin Wrapper1/ARM1/RegFile1/RegBank_reg_r1_0_15_18_23/RAMC/CLK is not reached by a timing clock
Related violations: <none>

TIMING-17#55 Critical Warning
Non-clocked sequential cell  
The clock pin Wrapper1/ARM1/RegFile1/RegBank_reg_r1_0_15_18_23/RAMC_D1/CLK is not reached by a timing clock
Related violations: <none>

TIMING-17#56 Critical Warning
Non-clocked sequential cell  
The clock pin Wrapper1/ARM1/RegFile1/RegBank_reg_r1_0_15_18_23/RAMD/CLK is not reached by a timing clock
Related violations: <none>

TIMING-17#57 Critical Warning
Non-clocked sequential cell  
The clock pin Wrapper1/ARM1/RegFile1/RegBank_reg_r1_0_15_18_23/RAMD_D1/CLK is not reached by a timing clock
Related violations: <none>

TIMING-17#58 Critical Warning
Non-clocked sequential cell  
The clock pin Wrapper1/ARM1/RegFile1/RegBank_reg_r1_0_15_24_29/RAMA/CLK is not reached by a timing clock
Related violations: <none>

TIMING-17#59 Critical Warning
Non-clocked sequential cell  
The clock pin Wrapper1/ARM1/RegFile1/RegBank_reg_r1_0_15_24_29/RAMA_D1/CLK is not reached by a timing clock
Related violations: <none>

TIMING-17#60 Critical Warning
Non-clocked sequential cell  
The clock pin Wrapper1/ARM1/RegFile1/RegBank_reg_r1_0_15_24_29/RAMB/CLK is not reached by a timing clock
Related violations: <none>

TIMING-17#61 Critical Warning
Non-clocked sequential cell  
The clock pin Wrapper1/ARM1/RegFile1/RegBank_reg_r1_0_15_24_29/RAMB_D1/CLK is not reached by a timing clock
Related violations: <none>

TIMING-17#62 Critical Warning
Non-clocked sequential cell  
The clock pin Wrapper1/ARM1/RegFile1/RegBank_reg_r1_0_15_24_29/RAMC/CLK is not reached by a timing clock
Related violations: <none>

TIMING-17#63 Critical Warning
Non-clocked sequential cell  
The clock pin Wrapper1/ARM1/RegFile1/RegBank_reg_r1_0_15_24_29/RAMC_D1/CLK is not reached by a timing clock
Related violations: <none>

TIMING-17#64 Critical Warning
Non-clocked sequential cell  
The clock pin Wrapper1/ARM1/RegFile1/RegBank_reg_r1_0_15_24_29/RAMD/CLK is not reached by a timing clock
Related violations: <none>

TIMING-17#65 Critical Warning
Non-clocked sequential cell  
The clock pin Wrapper1/ARM1/RegFile1/RegBank_reg_r1_0_15_24_29/RAMD_D1/CLK is not reached by a timing clock
Related violations: <none>

TIMING-17#66 Critical Warning
Non-clocked sequential cell  
The clock pin Wrapper1/ARM1/RegFile1/RegBank_reg_r1_0_15_30_31/RAMA/CLK is not reached by a timing clock
Related violations: <none>

TIMING-17#67 Critical Warning
Non-clocked sequential cell  
The clock pin Wrapper1/ARM1/RegFile1/RegBank_reg_r1_0_15_30_31/RAMA_D1/CLK is not reached by a timing clock
Related violations: <none>

TIMING-17#68 Critical Warning
Non-clocked sequential cell  
The clock pin Wrapper1/ARM1/RegFile1/RegBank_reg_r1_0_15_30_31/RAMB/CLK is not reached by a timing clock
Related violations: <none>

TIMING-17#69 Critical Warning
Non-clocked sequential cell  
The clock pin Wrapper1/ARM1/RegFile1/RegBank_reg_r1_0_15_30_31/RAMB_D1/CLK is not reached by a timing clock
Related violations: <none>

TIMING-17#70 Critical Warning
Non-clocked sequential cell  
The clock pin Wrapper1/ARM1/RegFile1/RegBank_reg_r1_0_15_30_31/RAMC/CLK is not reached by a timing clock
Related violations: <none>

TIMING-17#71 Critical Warning
Non-clocked sequential cell  
The clock pin Wrapper1/ARM1/RegFile1/RegBank_reg_r1_0_15_30_31/RAMC_D1/CLK is not reached by a timing clock
Related violations: <none>

TIMING-17#72 Critical Warning
Non-clocked sequential cell  
The clock pin Wrapper1/ARM1/RegFile1/RegBank_reg_r1_0_15_30_31/RAMD/CLK is not reached by a timing clock
Related violations: <none>

TIMING-17#73 Critical Warning
Non-clocked sequential cell  
The clock pin Wrapper1/ARM1/RegFile1/RegBank_reg_r1_0_15_30_31/RAMD_D1/CLK is not reached by a timing clock
Related violations: <none>

TIMING-17#74 Critical Warning
Non-clocked sequential cell  
The clock pin Wrapper1/ARM1/RegFile1/RegBank_reg_r1_0_15_6_11/RAMA/CLK is not reached by a timing clock
Related violations: <none>

TIMING-17#75 Critical Warning
Non-clocked sequential cell  
The clock pin Wrapper1/ARM1/RegFile1/RegBank_reg_r1_0_15_6_11/RAMA_D1/CLK is not reached by a timing clock
Related violations: <none>

TIMING-17#76 Critical Warning
Non-clocked sequential cell  
The clock pin Wrapper1/ARM1/RegFile1/RegBank_reg_r1_0_15_6_11/RAMB/CLK is not reached by a timing clock
Related violations: <none>

TIMING-17#77 Critical Warning
Non-clocked sequential cell  
The clock pin Wrapper1/ARM1/RegFile1/RegBank_reg_r1_0_15_6_11/RAMB_D1/CLK is not reached by a timing clock
Related violations: <none>

TIMING-17#78 Critical Warning
Non-clocked sequential cell  
The clock pin Wrapper1/ARM1/RegFile1/RegBank_reg_r1_0_15_6_11/RAMC/CLK is not reached by a timing clock
Related violations: <none>

TIMING-17#79 Critical Warning
Non-clocked sequential cell  
The clock pin Wrapper1/ARM1/RegFile1/RegBank_reg_r1_0_15_6_11/RAMC_D1/CLK is not reached by a timing clock
Related violations: <none>

TIMING-17#80 Critical Warning
Non-clocked sequential cell  
The clock pin Wrapper1/ARM1/RegFile1/RegBank_reg_r1_0_15_6_11/RAMD/CLK is not reached by a timing clock
Related violations: <none>

TIMING-17#81 Critical Warning
Non-clocked sequential cell  
The clock pin Wrapper1/ARM1/RegFile1/RegBank_reg_r1_0_15_6_11/RAMD_D1/CLK is not reached by a timing clock
Related violations: <none>

TIMING-17#82 Critical Warning
Non-clocked sequential cell  
The clock pin Wrapper1/ARM1/RegFile1/RegBank_reg_r2_0_15_0_5/RAMA/CLK is not reached by a timing clock
Related violations: <none>

TIMING-17#83 Critical Warning
Non-clocked sequential cell  
The clock pin Wrapper1/ARM1/RegFile1/RegBank_reg_r2_0_15_0_5/RAMA_D1/CLK is not reached by a timing clock
Related violations: <none>

TIMING-17#84 Critical Warning
Non-clocked sequential cell  
The clock pin Wrapper1/ARM1/RegFile1/RegBank_reg_r2_0_15_0_5/RAMB/CLK is not reached by a timing clock
Related violations: <none>

TIMING-17#85 Critical Warning
Non-clocked sequential cell  
The clock pin Wrapper1/ARM1/RegFile1/RegBank_reg_r2_0_15_0_5/RAMB_D1/CLK is not reached by a timing clock
Related violations: <none>

TIMING-17#86 Critical Warning
Non-clocked sequential cell  
The clock pin Wrapper1/ARM1/RegFile1/RegBank_reg_r2_0_15_0_5/RAMC/CLK is not reached by a timing clock
Related violations: <none>

TIMING-17#87 Critical Warning
Non-clocked sequential cell  
The clock pin Wrapper1/ARM1/RegFile1/RegBank_reg_r2_0_15_0_5/RAMC_D1/CLK is not reached by a timing clock
Related violations: <none>

TIMING-17#88 Critical Warning
Non-clocked sequential cell  
The clock pin Wrapper1/ARM1/RegFile1/RegBank_reg_r2_0_15_0_5/RAMD/CLK is not reached by a timing clock
Related violations: <none>

TIMING-17#89 Critical Warning
Non-clocked sequential cell  
The clock pin Wrapper1/ARM1/RegFile1/RegBank_reg_r2_0_15_0_5/RAMD_D1/CLK is not reached by a timing clock
Related violations: <none>

TIMING-17#90 Critical Warning
Non-clocked sequential cell  
The clock pin Wrapper1/ARM1/RegFile1/RegBank_reg_r2_0_15_12_17/RAMA/CLK is not reached by a timing clock
Related violations: <none>

TIMING-17#91 Critical Warning
Non-clocked sequential cell  
The clock pin Wrapper1/ARM1/RegFile1/RegBank_reg_r2_0_15_12_17/RAMA_D1/CLK is not reached by a timing clock
Related violations: <none>

TIMING-17#92 Critical Warning
Non-clocked sequential cell  
The clock pin Wrapper1/ARM1/RegFile1/RegBank_reg_r2_0_15_12_17/RAMB/CLK is not reached by a timing clock
Related violations: <none>

TIMING-17#93 Critical Warning
Non-clocked sequential cell  
The clock pin Wrapper1/ARM1/RegFile1/RegBank_reg_r2_0_15_12_17/RAMB_D1/CLK is not reached by a timing clock
Related violations: <none>

TIMING-17#94 Critical Warning
Non-clocked sequential cell  
The clock pin Wrapper1/ARM1/RegFile1/RegBank_reg_r2_0_15_12_17/RAMC/CLK is not reached by a timing clock
Related violations: <none>

TIMING-17#95 Critical Warning
Non-clocked sequential cell  
The clock pin Wrapper1/ARM1/RegFile1/RegBank_reg_r2_0_15_12_17/RAMC_D1/CLK is not reached by a timing clock
Related violations: <none>

TIMING-17#96 Critical Warning
Non-clocked sequential cell  
The clock pin Wrapper1/ARM1/RegFile1/RegBank_reg_r2_0_15_12_17/RAMD/CLK is not reached by a timing clock
Related violations: <none>

TIMING-17#97 Critical Warning
Non-clocked sequential cell  
The clock pin Wrapper1/ARM1/RegFile1/RegBank_reg_r2_0_15_12_17/RAMD_D1/CLK is not reached by a timing clock
Related violations: <none>

TIMING-17#98 Critical Warning
Non-clocked sequential cell  
The clock pin Wrapper1/ARM1/RegFile1/RegBank_reg_r2_0_15_18_23/RAMA/CLK is not reached by a timing clock
Related violations: <none>

TIMING-17#99 Critical Warning
Non-clocked sequential cell  
The clock pin Wrapper1/ARM1/RegFile1/RegBank_reg_r2_0_15_18_23/RAMA_D1/CLK is not reached by a timing clock
Related violations: <none>

TIMING-17#100 Critical Warning
Non-clocked sequential cell  
The clock pin Wrapper1/ARM1/RegFile1/RegBank_reg_r2_0_15_18_23/RAMB/CLK is not reached by a timing clock
Related violations: <none>

TIMING-17#101 Critical Warning
Non-clocked sequential cell  
The clock pin Wrapper1/ARM1/RegFile1/RegBank_reg_r2_0_15_18_23/RAMB_D1/CLK is not reached by a timing clock
Related violations: <none>

TIMING-17#102 Critical Warning
Non-clocked sequential cell  
The clock pin Wrapper1/ARM1/RegFile1/RegBank_reg_r2_0_15_18_23/RAMC/CLK is not reached by a timing clock
Related violations: <none>

TIMING-17#103 Critical Warning
Non-clocked sequential cell  
The clock pin Wrapper1/ARM1/RegFile1/RegBank_reg_r2_0_15_18_23/RAMC_D1/CLK is not reached by a timing clock
Related violations: <none>

TIMING-17#104 Critical Warning
Non-clocked sequential cell  
The clock pin Wrapper1/ARM1/RegFile1/RegBank_reg_r2_0_15_18_23/RAMD/CLK is not reached by a timing clock
Related violations: <none>

TIMING-17#105 Critical Warning
Non-clocked sequential cell  
The clock pin Wrapper1/ARM1/RegFile1/RegBank_reg_r2_0_15_18_23/RAMD_D1/CLK is not reached by a timing clock
Related violations: <none>

TIMING-17#106 Critical Warning
Non-clocked sequential cell  
The clock pin Wrapper1/ARM1/RegFile1/RegBank_reg_r2_0_15_24_29/RAMA/CLK is not reached by a timing clock
Related violations: <none>

TIMING-17#107 Critical Warning
Non-clocked sequential cell  
The clock pin Wrapper1/ARM1/RegFile1/RegBank_reg_r2_0_15_24_29/RAMA_D1/CLK is not reached by a timing clock
Related violations: <none>

TIMING-17#108 Critical Warning
Non-clocked sequential cell  
The clock pin Wrapper1/ARM1/RegFile1/RegBank_reg_r2_0_15_24_29/RAMB/CLK is not reached by a timing clock
Related violations: <none>

TIMING-17#109 Critical Warning
Non-clocked sequential cell  
The clock pin Wrapper1/ARM1/RegFile1/RegBank_reg_r2_0_15_24_29/RAMB_D1/CLK is not reached by a timing clock
Related violations: <none>

TIMING-17#110 Critical Warning
Non-clocked sequential cell  
The clock pin Wrapper1/ARM1/RegFile1/RegBank_reg_r2_0_15_24_29/RAMC/CLK is not reached by a timing clock
Related violations: <none>

TIMING-17#111 Critical Warning
Non-clocked sequential cell  
The clock pin Wrapper1/ARM1/RegFile1/RegBank_reg_r2_0_15_24_29/RAMC_D1/CLK is not reached by a timing clock
Related violations: <none>

TIMING-17#112 Critical Warning
Non-clocked sequential cell  
The clock pin Wrapper1/ARM1/RegFile1/RegBank_reg_r2_0_15_24_29/RAMD/CLK is not reached by a timing clock
Related violations: <none>

TIMING-17#113 Critical Warning
Non-clocked sequential cell  
The clock pin Wrapper1/ARM1/RegFile1/RegBank_reg_r2_0_15_24_29/RAMD_D1/CLK is not reached by a timing clock
Related violations: <none>

TIMING-17#114 Critical Warning
Non-clocked sequential cell  
The clock pin Wrapper1/ARM1/RegFile1/RegBank_reg_r2_0_15_30_31/RAMA/CLK is not reached by a timing clock
Related violations: <none>

TIMING-17#115 Critical Warning
Non-clocked sequential cell  
The clock pin Wrapper1/ARM1/RegFile1/RegBank_reg_r2_0_15_30_31/RAMA_D1/CLK is not reached by a timing clock
Related violations: <none>

TIMING-17#116 Critical Warning
Non-clocked sequential cell  
The clock pin Wrapper1/ARM1/RegFile1/RegBank_reg_r2_0_15_30_31/RAMB/CLK is not reached by a timing clock
Related violations: <none>

TIMING-17#117 Critical Warning
Non-clocked sequential cell  
The clock pin Wrapper1/ARM1/RegFile1/RegBank_reg_r2_0_15_30_31/RAMB_D1/CLK is not reached by a timing clock
Related violations: <none>

TIMING-17#118 Critical Warning
Non-clocked sequential cell  
The clock pin Wrapper1/ARM1/RegFile1/RegBank_reg_r2_0_15_30_31/RAMC/CLK is not reached by a timing clock
Related violations: <none>

TIMING-17#119 Critical Warning
Non-clocked sequential cell  
The clock pin Wrapper1/ARM1/RegFile1/RegBank_reg_r2_0_15_30_31/RAMC_D1/CLK is not reached by a timing clock
Related violations: <none>

TIMING-17#120 Critical Warning
Non-clocked sequential cell  
The clock pin Wrapper1/ARM1/RegFile1/RegBank_reg_r2_0_15_30_31/RAMD/CLK is not reached by a timing clock
Related violations: <none>

TIMING-17#121 Critical Warning
Non-clocked sequential cell  
The clock pin Wrapper1/ARM1/RegFile1/RegBank_reg_r2_0_15_30_31/RAMD_D1/CLK is not reached by a timing clock
Related violations: <none>

TIMING-17#122 Critical Warning
Non-clocked sequential cell  
The clock pin Wrapper1/ARM1/RegFile1/RegBank_reg_r2_0_15_6_11/RAMA/CLK is not reached by a timing clock
Related violations: <none>

TIMING-17#123 Critical Warning
Non-clocked sequential cell  
The clock pin Wrapper1/ARM1/RegFile1/RegBank_reg_r2_0_15_6_11/RAMA_D1/CLK is not reached by a timing clock
Related violations: <none>

TIMING-17#124 Critical Warning
Non-clocked sequential cell  
The clock pin Wrapper1/ARM1/RegFile1/RegBank_reg_r2_0_15_6_11/RAMB/CLK is not reached by a timing clock
Related violations: <none>

TIMING-17#125 Critical Warning
Non-clocked sequential cell  
The clock pin Wrapper1/ARM1/RegFile1/RegBank_reg_r2_0_15_6_11/RAMB_D1/CLK is not reached by a timing clock
Related violations: <none>

TIMING-17#126 Critical Warning
Non-clocked sequential cell  
The clock pin Wrapper1/ARM1/RegFile1/RegBank_reg_r2_0_15_6_11/RAMC/CLK is not reached by a timing clock
Related violations: <none>

TIMING-17#127 Critical Warning
Non-clocked sequential cell  
The clock pin Wrapper1/ARM1/RegFile1/RegBank_reg_r2_0_15_6_11/RAMC_D1/CLK is not reached by a timing clock
Related violations: <none>

TIMING-17#128 Critical Warning
Non-clocked sequential cell  
The clock pin Wrapper1/ARM1/RegFile1/RegBank_reg_r2_0_15_6_11/RAMD/CLK is not reached by a timing clock
Related violations: <none>

TIMING-17#129 Critical Warning
Non-clocked sequential cell  
The clock pin Wrapper1/ARM1/RegFile1/RegBank_reg_r2_0_15_6_11/RAMD_D1/CLK is not reached by a timing clock
Related violations: <none>

TIMING-17#130 Critical Warning
Non-clocked sequential cell  
The clock pin Wrapper1/CONSOLE_IN_ack_reg/C is not reached by a timing clock
Related violations: <none>

TIMING-17#131 Critical Warning
Non-clocked sequential cell  
The clock pin Wrapper1/CONSOLE_OUT_reg[0]/C is not reached by a timing clock
Related violations: <none>

TIMING-17#132 Critical Warning
Non-clocked sequential cell  
The clock pin Wrapper1/CONSOLE_OUT_reg[1]/C is not reached by a timing clock
Related violations: <none>

TIMING-17#133 Critical Warning
Non-clocked sequential cell  
The clock pin Wrapper1/CONSOLE_OUT_reg[2]/C is not reached by a timing clock
Related violations: <none>

TIMING-17#134 Critical Warning
Non-clocked sequential cell  
The clock pin Wrapper1/CONSOLE_OUT_reg[3]/C is not reached by a timing clock
Related violations: <none>

TIMING-17#135 Critical Warning
Non-clocked sequential cell  
The clock pin Wrapper1/CONSOLE_OUT_reg[4]/C is not reached by a timing clock
Related violations: <none>

TIMING-17#136 Critical Warning
Non-clocked sequential cell  
The clock pin Wrapper1/CONSOLE_OUT_reg[5]/C is not reached by a timing clock
Related violations: <none>

TIMING-17#137 Critical Warning
Non-clocked sequential cell  
The clock pin Wrapper1/CONSOLE_OUT_reg[6]/C is not reached by a timing clock
Related violations: <none>

TIMING-17#138 Critical Warning
Non-clocked sequential cell  
The clock pin Wrapper1/CONSOLE_OUT_reg[7]/C is not reached by a timing clock
Related violations: <none>

TIMING-17#139 Critical Warning
Non-clocked sequential cell  
The clock pin Wrapper1/CONSOLE_OUT_valid_reg/C is not reached by a timing clock
Related violations: <none>

TIMING-17#140 Critical Warning
Non-clocked sequential cell  
The clock pin Wrapper1/DATA_VAR_MEM_reg_0_127_0_0/HIGH/CLK is not reached by a timing clock
Related violations: <none>

TIMING-17#141 Critical Warning
Non-clocked sequential cell  
The clock pin Wrapper1/DATA_VAR_MEM_reg_0_127_0_0/LOW/CLK is not reached by a timing clock
Related violations: <none>

TIMING-17#142 Critical Warning
Non-clocked sequential cell  
The clock pin Wrapper1/DATA_VAR_MEM_reg_0_127_10_10/HIGH/CLK is not reached by a timing clock
Related violations: <none>

TIMING-17#143 Critical Warning
Non-clocked sequential cell  
The clock pin Wrapper1/DATA_VAR_MEM_reg_0_127_10_10/LOW/CLK is not reached by a timing clock
Related violations: <none>

TIMING-17#144 Critical Warning
Non-clocked sequential cell  
The clock pin Wrapper1/DATA_VAR_MEM_reg_0_127_11_11/HIGH/CLK is not reached by a timing clock
Related violations: <none>

TIMING-17#145 Critical Warning
Non-clocked sequential cell  
The clock pin Wrapper1/DATA_VAR_MEM_reg_0_127_11_11/LOW/CLK is not reached by a timing clock
Related violations: <none>

TIMING-17#146 Critical Warning
Non-clocked sequential cell  
The clock pin Wrapper1/DATA_VAR_MEM_reg_0_127_12_12/HIGH/CLK is not reached by a timing clock
Related violations: <none>

TIMING-17#147 Critical Warning
Non-clocked sequential cell  
The clock pin Wrapper1/DATA_VAR_MEM_reg_0_127_12_12/LOW/CLK is not reached by a timing clock
Related violations: <none>

TIMING-17#148 Critical Warning
Non-clocked sequential cell  
The clock pin Wrapper1/DATA_VAR_MEM_reg_0_127_13_13/HIGH/CLK is not reached by a timing clock
Related violations: <none>

TIMING-17#149 Critical Warning
Non-clocked sequential cell  
The clock pin Wrapper1/DATA_VAR_MEM_reg_0_127_13_13/LOW/CLK is not reached by a timing clock
Related violations: <none>

TIMING-17#150 Critical Warning
Non-clocked sequential cell  
The clock pin Wrapper1/DATA_VAR_MEM_reg_0_127_14_14/HIGH/CLK is not reached by a timing clock
Related violations: <none>

TIMING-17#151 Critical Warning
Non-clocked sequential cell  
The clock pin Wrapper1/DATA_VAR_MEM_reg_0_127_14_14/LOW/CLK is not reached by a timing clock
Related violations: <none>

TIMING-17#152 Critical Warning
Non-clocked sequential cell  
The clock pin Wrapper1/DATA_VAR_MEM_reg_0_127_15_15/HIGH/CLK is not reached by a timing clock
Related violations: <none>

TIMING-17#153 Critical Warning
Non-clocked sequential cell  
The clock pin Wrapper1/DATA_VAR_MEM_reg_0_127_15_15/LOW/CLK is not reached by a timing clock
Related violations: <none>

TIMING-17#154 Critical Warning
Non-clocked sequential cell  
The clock pin Wrapper1/DATA_VAR_MEM_reg_0_127_16_16/HIGH/CLK is not reached by a timing clock
Related violations: <none>

TIMING-17#155 Critical Warning
Non-clocked sequential cell  
The clock pin Wrapper1/DATA_VAR_MEM_reg_0_127_16_16/LOW/CLK is not reached by a timing clock
Related violations: <none>

TIMING-17#156 Critical Warning
Non-clocked sequential cell  
The clock pin Wrapper1/DATA_VAR_MEM_reg_0_127_17_17/HIGH/CLK is not reached by a timing clock
Related violations: <none>

TIMING-17#157 Critical Warning
Non-clocked sequential cell  
The clock pin Wrapper1/DATA_VAR_MEM_reg_0_127_17_17/LOW/CLK is not reached by a timing clock
Related violations: <none>

TIMING-17#158 Critical Warning
Non-clocked sequential cell  
The clock pin Wrapper1/DATA_VAR_MEM_reg_0_127_18_18/HIGH/CLK is not reached by a timing clock
Related violations: <none>

TIMING-17#159 Critical Warning
Non-clocked sequential cell  
The clock pin Wrapper1/DATA_VAR_MEM_reg_0_127_18_18/LOW/CLK is not reached by a timing clock
Related violations: <none>

TIMING-17#160 Critical Warning
Non-clocked sequential cell  
The clock pin Wrapper1/DATA_VAR_MEM_reg_0_127_19_19/HIGH/CLK is not reached by a timing clock
Related violations: <none>

TIMING-17#161 Critical Warning
Non-clocked sequential cell  
The clock pin Wrapper1/DATA_VAR_MEM_reg_0_127_19_19/LOW/CLK is not reached by a timing clock
Related violations: <none>

TIMING-17#162 Critical Warning
Non-clocked sequential cell  
The clock pin Wrapper1/DATA_VAR_MEM_reg_0_127_1_1/HIGH/CLK is not reached by a timing clock
Related violations: <none>

TIMING-17#163 Critical Warning
Non-clocked sequential cell  
The clock pin Wrapper1/DATA_VAR_MEM_reg_0_127_1_1/LOW/CLK is not reached by a timing clock
Related violations: <none>

TIMING-17#164 Critical Warning
Non-clocked sequential cell  
The clock pin Wrapper1/DATA_VAR_MEM_reg_0_127_20_20/HIGH/CLK is not reached by a timing clock
Related violations: <none>

TIMING-17#165 Critical Warning
Non-clocked sequential cell  
The clock pin Wrapper1/DATA_VAR_MEM_reg_0_127_20_20/LOW/CLK is not reached by a timing clock
Related violations: <none>

TIMING-17#166 Critical Warning
Non-clocked sequential cell  
The clock pin Wrapper1/DATA_VAR_MEM_reg_0_127_21_21/HIGH/CLK is not reached by a timing clock
Related violations: <none>

TIMING-17#167 Critical Warning
Non-clocked sequential cell  
The clock pin Wrapper1/DATA_VAR_MEM_reg_0_127_21_21/LOW/CLK is not reached by a timing clock
Related violations: <none>

TIMING-17#168 Critical Warning
Non-clocked sequential cell  
The clock pin Wrapper1/DATA_VAR_MEM_reg_0_127_22_22/HIGH/CLK is not reached by a timing clock
Related violations: <none>

TIMING-17#169 Critical Warning
Non-clocked sequential cell  
The clock pin Wrapper1/DATA_VAR_MEM_reg_0_127_22_22/LOW/CLK is not reached by a timing clock
Related violations: <none>

TIMING-17#170 Critical Warning
Non-clocked sequential cell  
The clock pin Wrapper1/DATA_VAR_MEM_reg_0_127_23_23/HIGH/CLK is not reached by a timing clock
Related violations: <none>

TIMING-17#171 Critical Warning
Non-clocked sequential cell  
The clock pin Wrapper1/DATA_VAR_MEM_reg_0_127_23_23/LOW/CLK is not reached by a timing clock
Related violations: <none>

TIMING-17#172 Critical Warning
Non-clocked sequential cell  
The clock pin Wrapper1/DATA_VAR_MEM_reg_0_127_24_24/HIGH/CLK is not reached by a timing clock
Related violations: <none>

TIMING-17#173 Critical Warning
Non-clocked sequential cell  
The clock pin Wrapper1/DATA_VAR_MEM_reg_0_127_24_24/LOW/CLK is not reached by a timing clock
Related violations: <none>

TIMING-17#174 Critical Warning
Non-clocked sequential cell  
The clock pin Wrapper1/DATA_VAR_MEM_reg_0_127_25_25/HIGH/CLK is not reached by a timing clock
Related violations: <none>

TIMING-17#175 Critical Warning
Non-clocked sequential cell  
The clock pin Wrapper1/DATA_VAR_MEM_reg_0_127_25_25/LOW/CLK is not reached by a timing clock
Related violations: <none>

TIMING-17#176 Critical Warning
Non-clocked sequential cell  
The clock pin Wrapper1/DATA_VAR_MEM_reg_0_127_26_26/HIGH/CLK is not reached by a timing clock
Related violations: <none>

TIMING-17#177 Critical Warning
Non-clocked sequential cell  
The clock pin Wrapper1/DATA_VAR_MEM_reg_0_127_26_26/LOW/CLK is not reached by a timing clock
Related violations: <none>

TIMING-17#178 Critical Warning
Non-clocked sequential cell  
The clock pin Wrapper1/DATA_VAR_MEM_reg_0_127_27_27/HIGH/CLK is not reached by a timing clock
Related violations: <none>

TIMING-17#179 Critical Warning
Non-clocked sequential cell  
The clock pin Wrapper1/DATA_VAR_MEM_reg_0_127_27_27/LOW/CLK is not reached by a timing clock
Related violations: <none>

TIMING-17#180 Critical Warning
Non-clocked sequential cell  
The clock pin Wrapper1/DATA_VAR_MEM_reg_0_127_28_28/HIGH/CLK is not reached by a timing clock
Related violations: <none>

TIMING-17#181 Critical Warning
Non-clocked sequential cell  
The clock pin Wrapper1/DATA_VAR_MEM_reg_0_127_28_28/LOW/CLK is not reached by a timing clock
Related violations: <none>

TIMING-17#182 Critical Warning
Non-clocked sequential cell  
The clock pin Wrapper1/DATA_VAR_MEM_reg_0_127_29_29/HIGH/CLK is not reached by a timing clock
Related violations: <none>

TIMING-17#183 Critical Warning
Non-clocked sequential cell  
The clock pin Wrapper1/DATA_VAR_MEM_reg_0_127_29_29/LOW/CLK is not reached by a timing clock
Related violations: <none>

TIMING-17#184 Critical Warning
Non-clocked sequential cell  
The clock pin Wrapper1/DATA_VAR_MEM_reg_0_127_2_2/HIGH/CLK is not reached by a timing clock
Related violations: <none>

TIMING-17#185 Critical Warning
Non-clocked sequential cell  
The clock pin Wrapper1/DATA_VAR_MEM_reg_0_127_2_2/LOW/CLK is not reached by a timing clock
Related violations: <none>

TIMING-17#186 Critical Warning
Non-clocked sequential cell  
The clock pin Wrapper1/DATA_VAR_MEM_reg_0_127_30_30/HIGH/CLK is not reached by a timing clock
Related violations: <none>

TIMING-17#187 Critical Warning
Non-clocked sequential cell  
The clock pin Wrapper1/DATA_VAR_MEM_reg_0_127_30_30/LOW/CLK is not reached by a timing clock
Related violations: <none>

TIMING-17#188 Critical Warning
Non-clocked sequential cell  
The clock pin Wrapper1/DATA_VAR_MEM_reg_0_127_31_31/HIGH/CLK is not reached by a timing clock
Related violations: <none>

TIMING-17#189 Critical Warning
Non-clocked sequential cell  
The clock pin Wrapper1/DATA_VAR_MEM_reg_0_127_31_31/LOW/CLK is not reached by a timing clock
Related violations: <none>

TIMING-17#190 Critical Warning
Non-clocked sequential cell  
The clock pin Wrapper1/DATA_VAR_MEM_reg_0_127_3_3/HIGH/CLK is not reached by a timing clock
Related violations: <none>

TIMING-17#191 Critical Warning
Non-clocked sequential cell  
The clock pin Wrapper1/DATA_VAR_MEM_reg_0_127_3_3/LOW/CLK is not reached by a timing clock
Related violations: <none>

TIMING-17#192 Critical Warning
Non-clocked sequential cell  
The clock pin Wrapper1/DATA_VAR_MEM_reg_0_127_4_4/HIGH/CLK is not reached by a timing clock
Related violations: <none>

TIMING-17#193 Critical Warning
Non-clocked sequential cell  
The clock pin Wrapper1/DATA_VAR_MEM_reg_0_127_4_4/LOW/CLK is not reached by a timing clock
Related violations: <none>

TIMING-17#194 Critical Warning
Non-clocked sequential cell  
The clock pin Wrapper1/DATA_VAR_MEM_reg_0_127_5_5/HIGH/CLK is not reached by a timing clock
Related violations: <none>

TIMING-17#195 Critical Warning
Non-clocked sequential cell  
The clock pin Wrapper1/DATA_VAR_MEM_reg_0_127_5_5/LOW/CLK is not reached by a timing clock
Related violations: <none>

TIMING-17#196 Critical Warning
Non-clocked sequential cell  
The clock pin Wrapper1/DATA_VAR_MEM_reg_0_127_6_6/HIGH/CLK is not reached by a timing clock
Related violations: <none>

TIMING-17#197 Critical Warning
Non-clocked sequential cell  
The clock pin Wrapper1/DATA_VAR_MEM_reg_0_127_6_6/LOW/CLK is not reached by a timing clock
Related violations: <none>

TIMING-17#198 Critical Warning
Non-clocked sequential cell  
The clock pin Wrapper1/DATA_VAR_MEM_reg_0_127_7_7/HIGH/CLK is not reached by a timing clock
Related violations: <none>

TIMING-17#199 Critical Warning
Non-clocked sequential cell  
The clock pin Wrapper1/DATA_VAR_MEM_reg_0_127_7_7/LOW/CLK is not reached by a timing clock
Related violations: <none>

TIMING-17#200 Critical Warning
Non-clocked sequential cell  
The clock pin Wrapper1/DATA_VAR_MEM_reg_0_127_8_8/HIGH/CLK is not reached by a timing clock
Related violations: <none>

TIMING-17#201 Critical Warning
Non-clocked sequential cell  
The clock pin Wrapper1/DATA_VAR_MEM_reg_0_127_8_8/LOW/CLK is not reached by a timing clock
Related violations: <none>

TIMING-17#202 Critical Warning
Non-clocked sequential cell  
The clock pin Wrapper1/DATA_VAR_MEM_reg_0_127_9_9/HIGH/CLK is not reached by a timing clock
Related violations: <none>

TIMING-17#203 Critical Warning
Non-clocked sequential cell  
The clock pin Wrapper1/DATA_VAR_MEM_reg_0_127_9_9/LOW/CLK is not reached by a timing clock
Related violations: <none>

TIMING-17#204 Critical Warning
Non-clocked sequential cell  
The clock pin Wrapper1/LED_OUT_reg[0]/C is not reached by a timing clock
Related violations: <none>

TIMING-17#205 Critical Warning
Non-clocked sequential cell  
The clock pin Wrapper1/LED_OUT_reg[1]/C is not reached by a timing clock
Related violations: <none>

TIMING-17#206 Critical Warning
Non-clocked sequential cell  
The clock pin Wrapper1/LED_OUT_reg[2]/C is not reached by a timing clock
Related violations: <none>

TIMING-17#207 Critical Warning
Non-clocked sequential cell  
The clock pin Wrapper1/LED_OUT_reg[3]/C is not reached by a timing clock
Related violations: <none>

TIMING-17#208 Critical Warning
Non-clocked sequential cell  
The clock pin Wrapper1/LED_OUT_reg[4]/C is not reached by a timing clock
Related violations: <none>

TIMING-17#209 Critical Warning
Non-clocked sequential cell  
The clock pin Wrapper1/LED_OUT_reg[5]/C is not reached by a timing clock
Related violations: <none>

TIMING-17#210 Critical Warning
Non-clocked sequential cell  
The clock pin Wrapper1/LED_OUT_reg[6]/C is not reached by a timing clock
Related violations: <none>

TIMING-17#211 Critical Warning
Non-clocked sequential cell  
The clock pin Wrapper1/LED_OUT_reg[7]/C is not reached by a timing clock
Related violations: <none>

TIMING-17#212 Critical Warning
Non-clocked sequential cell  
The clock pin Wrapper1/SEVENSEGHEX_reg[0]/C is not reached by a timing clock
Related violations: <none>

TIMING-17#213 Critical Warning
Non-clocked sequential cell  
The clock pin Wrapper1/SEVENSEGHEX_reg[10]/C is not reached by a timing clock
Related violations: <none>

TIMING-17#214 Critical Warning
Non-clocked sequential cell  
The clock pin Wrapper1/SEVENSEGHEX_reg[11]/C is not reached by a timing clock
Related violations: <none>

TIMING-17#215 Critical Warning
Non-clocked sequential cell  
The clock pin Wrapper1/SEVENSEGHEX_reg[12]/C is not reached by a timing clock
Related violations: <none>

TIMING-17#216 Critical Warning
Non-clocked sequential cell  
The clock pin Wrapper1/SEVENSEGHEX_reg[13]/C is not reached by a timing clock
Related violations: <none>

TIMING-17#217 Critical Warning
Non-clocked sequential cell  
The clock pin Wrapper1/SEVENSEGHEX_reg[14]/C is not reached by a timing clock
Related violations: <none>

TIMING-17#218 Critical Warning
Non-clocked sequential cell  
The clock pin Wrapper1/SEVENSEGHEX_reg[15]/C is not reached by a timing clock
Related violations: <none>

TIMING-17#219 Critical Warning
Non-clocked sequential cell  
The clock pin Wrapper1/SEVENSEGHEX_reg[16]/C is not reached by a timing clock
Related violations: <none>

TIMING-17#220 Critical Warning
Non-clocked sequential cell  
The clock pin Wrapper1/SEVENSEGHEX_reg[17]/C is not reached by a timing clock
Related violations: <none>

TIMING-17#221 Critical Warning
Non-clocked sequential cell  
The clock pin Wrapper1/SEVENSEGHEX_reg[18]/C is not reached by a timing clock
Related violations: <none>

TIMING-17#222 Critical Warning
Non-clocked sequential cell  
The clock pin Wrapper1/SEVENSEGHEX_reg[19]/C is not reached by a timing clock
Related violations: <none>

TIMING-17#223 Critical Warning
Non-clocked sequential cell  
The clock pin Wrapper1/SEVENSEGHEX_reg[1]/C is not reached by a timing clock
Related violations: <none>

TIMING-17#224 Critical Warning
Non-clocked sequential cell  
The clock pin Wrapper1/SEVENSEGHEX_reg[20]/C is not reached by a timing clock
Related violations: <none>

TIMING-17#225 Critical Warning
Non-clocked sequential cell  
The clock pin Wrapper1/SEVENSEGHEX_reg[21]/C is not reached by a timing clock
Related violations: <none>

TIMING-17#226 Critical Warning
Non-clocked sequential cell  
The clock pin Wrapper1/SEVENSEGHEX_reg[22]/C is not reached by a timing clock
Related violations: <none>

TIMING-17#227 Critical Warning
Non-clocked sequential cell  
The clock pin Wrapper1/SEVENSEGHEX_reg[23]/C is not reached by a timing clock
Related violations: <none>

TIMING-17#228 Critical Warning
Non-clocked sequential cell  
The clock pin Wrapper1/SEVENSEGHEX_reg[24]/C is not reached by a timing clock
Related violations: <none>

TIMING-17#229 Critical Warning
Non-clocked sequential cell  
The clock pin Wrapper1/SEVENSEGHEX_reg[25]/C is not reached by a timing clock
Related violations: <none>

TIMING-17#230 Critical Warning
Non-clocked sequential cell  
The clock pin Wrapper1/SEVENSEGHEX_reg[26]/C is not reached by a timing clock
Related violations: <none>

TIMING-17#231 Critical Warning
Non-clocked sequential cell  
The clock pin Wrapper1/SEVENSEGHEX_reg[27]/C is not reached by a timing clock
Related violations: <none>

TIMING-17#232 Critical Warning
Non-clocked sequential cell  
The clock pin Wrapper1/SEVENSEGHEX_reg[28]/C is not reached by a timing clock
Related violations: <none>

TIMING-17#233 Critical Warning
Non-clocked sequential cell  
The clock pin Wrapper1/SEVENSEGHEX_reg[29]/C is not reached by a timing clock
Related violations: <none>

TIMING-17#234 Critical Warning
Non-clocked sequential cell  
The clock pin Wrapper1/SEVENSEGHEX_reg[2]/C is not reached by a timing clock
Related violations: <none>

TIMING-17#235 Critical Warning
Non-clocked sequential cell  
The clock pin Wrapper1/SEVENSEGHEX_reg[30]/C is not reached by a timing clock
Related violations: <none>

TIMING-17#236 Critical Warning
Non-clocked sequential cell  
The clock pin Wrapper1/SEVENSEGHEX_reg[31]/C is not reached by a timing clock
Related violations: <none>

TIMING-17#237 Critical Warning
Non-clocked sequential cell  
The clock pin Wrapper1/SEVENSEGHEX_reg[3]/C is not reached by a timing clock
Related violations: <none>

TIMING-17#238 Critical Warning
Non-clocked sequential cell  
The clock pin Wrapper1/SEVENSEGHEX_reg[4]/C is not reached by a timing clock
Related violations: <none>

TIMING-17#239 Critical Warning
Non-clocked sequential cell  
The clock pin Wrapper1/SEVENSEGHEX_reg[5]/C is not reached by a timing clock
Related violations: <none>

TIMING-17#240 Critical Warning
Non-clocked sequential cell  
The clock pin Wrapper1/SEVENSEGHEX_reg[6]/C is not reached by a timing clock
Related violations: <none>

TIMING-17#241 Critical Warning
Non-clocked sequential cell  
The clock pin Wrapper1/SEVENSEGHEX_reg[7]/C is not reached by a timing clock
Related violations: <none>

TIMING-17#242 Critical Warning
Non-clocked sequential cell  
The clock pin Wrapper1/SEVENSEGHEX_reg[8]/C is not reached by a timing clock
Related violations: <none>

TIMING-17#243 Critical Warning
Non-clocked sequential cell  
The clock pin Wrapper1/SEVENSEGHEX_reg[9]/C is not reached by a timing clock
Related violations: <none>

LUTAR-1#1 Warning
LUT drives async reset alert  
LUT cell Wrapper1/ARM1/ProgramCounter1/LED_OUT[7]_i_10, with 2 or more inputs, drives asynchronous preset/clear pin(s) UART1/FSM_sequential_uart_rx_state_reg[0]/CLR, UART1/FSM_sequential_uart_rx_state_reg[1]/CLR, UART1/FSM_sequential_uart_tx_state_reg[0]/CLR, UART1/FSM_sequential_uart_tx_state_reg[1]/CLR, UART1/FSM_sequential_uart_tx_state_reg[2]/CLR, UART1/oversample_baud_counter_reg[0]/CLR, UART1/oversample_baud_counter_reg[2]/CLR, UART1/oversample_baud_counter_reg[4]/CLR, UART1/oversample_baud_counter_reg[5]/CLR, UART1/oversample_baud_counter_reg[6]/CLR, UART1/oversample_baud_counter_reg[8]/CLR, UART1/oversample_baud_tick_reg/CLR, UART1/uart_rx_ReadData_ack_reg/CLR, UART1/uart_rx_count_reg[0]/CLR, UART1/uart_rx_count_reg[1]/CLR (the first 15 of 52 listed). The LUT may glitch and trigger an unexpected reset, even if it is a properly timed path.
Related violations: <none>

TIMING-18#1 Warning
Missing input or output delay  
An input delay is missing on PAUSE relative to clock(s) sys_clk_pin
Related violations: <none>

TIMING-18#2 Warning
Missing input or output delay  
An input delay is missing on RESET relative to clock(s) sys_clk_pin
Related violations: <none>

TIMING-18#3 Warning
Missing input or output delay  
An input delay is missing on RX relative to clock(s) sys_clk_pin
Related violations: <none>

TIMING-18#4 Warning
Missing input or output delay  
An output delay is missing on LED[0] relative to clock(s) sys_clk_pin
Related violations: <none>

TIMING-18#5 Warning
Missing input or output delay  
An output delay is missing on LED[10] relative to clock(s) sys_clk_pin
Related violations: <none>

TIMING-18#6 Warning
Missing input or output delay  
An output delay is missing on LED[11] relative to clock(s) sys_clk_pin
Related violations: <none>

TIMING-18#7 Warning
Missing input or output delay  
An output delay is missing on LED[12] relative to clock(s) sys_clk_pin
Related violations: <none>

TIMING-18#8 Warning
Missing input or output delay  
An output delay is missing on LED[13] relative to clock(s) sys_clk_pin
Related violations: <none>

TIMING-18#9 Warning
Missing input or output delay  
An output delay is missing on LED[14] relative to clock(s) sys_clk_pin
Related violations: <none>

TIMING-18#10 Warning
Missing input or output delay  
An output delay is missing on LED[15] relative to clock(s) sys_clk_pin
Related violations: <none>

TIMING-18#11 Warning
Missing input or output delay  
An output delay is missing on LED[1] relative to clock(s) sys_clk_pin
Related violations: <none>

TIMING-18#12 Warning
Missing input or output delay  
An output delay is missing on LED[2] relative to clock(s) sys_clk_pin
Related violations: <none>

TIMING-18#13 Warning
Missing input or output delay  
An output delay is missing on LED[3] relative to clock(s) sys_clk_pin
Related violations: <none>

TIMING-18#14 Warning
Missing input or output delay  
An output delay is missing on LED[4] relative to clock(s) sys_clk_pin
Related violations: <none>

TIMING-18#15 Warning
Missing input or output delay  
An output delay is missing on LED[5] relative to clock(s) sys_clk_pin
Related violations: <none>

TIMING-18#16 Warning
Missing input or output delay  
An output delay is missing on LED[6] relative to clock(s) sys_clk_pin
Related violations: <none>

TIMING-18#17 Warning
Missing input or output delay  
An output delay is missing on LED[7] relative to clock(s) sys_clk_pin
Related violations: <none>

TIMING-18#18 Warning
Missing input or output delay  
An output delay is missing on LED[8] relative to clock(s) sys_clk_pin
Related violations: <none>

TIMING-18#19 Warning
Missing input or output delay  
An output delay is missing on LED[9] relative to clock(s) sys_clk_pin
Related violations: <none>

TIMING-18#20 Warning
Missing input or output delay  
An output delay is missing on SevenSegAn[0] relative to clock(s) sys_clk_pin
Related violations: <none>

TIMING-18#21 Warning
Missing input or output delay  
An output delay is missing on SevenSegAn[1] relative to clock(s) sys_clk_pin
Related violations: <none>

TIMING-18#22 Warning
Missing input or output delay  
An output delay is missing on SevenSegAn[2] relative to clock(s) sys_clk_pin
Related violations: <none>

TIMING-18#23 Warning
Missing input or output delay  
An output delay is missing on SevenSegAn[3] relative to clock(s) sys_clk_pin
Related violations: <none>

TIMING-18#24 Warning
Missing input or output delay  
An output delay is missing on SevenSegAn[4] relative to clock(s) sys_clk_pin
Related violations: <none>

TIMING-18#25 Warning
Missing input or output delay  
An output delay is missing on SevenSegAn[5] relative to clock(s) sys_clk_pin
Related violations: <none>

TIMING-18#26 Warning
Missing input or output delay  
An output delay is missing on SevenSegAn[6] relative to clock(s) sys_clk_pin
Related violations: <none>

TIMING-18#27 Warning
Missing input or output delay  
An output delay is missing on SevenSegAn[7] relative to clock(s) sys_clk_pin
Related violations: <none>

TIMING-18#28 Warning
Missing input or output delay  
An output delay is missing on SevenSegCat[0] relative to clock(s) sys_clk_pin
Related violations: <none>

TIMING-18#29 Warning
Missing input or output delay  
An output delay is missing on SevenSegCat[1] relative to clock(s) sys_clk_pin
Related violations: <none>

TIMING-18#30 Warning
Missing input or output delay  
An output delay is missing on SevenSegCat[2] relative to clock(s) sys_clk_pin
Related violations: <none>

TIMING-18#31 Warning
Missing input or output delay  
An output delay is missing on SevenSegCat[3] relative to clock(s) sys_clk_pin
Related violations: <none>

TIMING-18#32 Warning
Missing input or output delay  
An output delay is missing on SevenSegCat[4] relative to clock(s) sys_clk_pin
Related violations: <none>

TIMING-18#33 Warning
Missing input or output delay  
An output delay is missing on SevenSegCat[5] relative to clock(s) sys_clk_pin
Related violations: <none>

TIMING-18#34 Warning
Missing input or output delay  
An output delay is missing on SevenSegCat[6] relative to clock(s) sys_clk_pin
Related violations: <none>

TIMING-18#35 Warning
Missing input or output delay  
An output delay is missing on TX relative to clock(s) sys_clk_pin
Related violations: <none>


