#-----------------------------------------------------------
# Vivado v2019.1 (64-bit)
# SW Build 2552052 on Fri May 24 14:49:42 MDT 2019
# IP Build 2548770 on Fri May 24 18:01:18 MDT 2019
# Start of session at: Tue Oct  8 14:42:51 2019
# Process ID: 9648
# Current directory: C:/Users/pigir/Desktop/NUS/Yr4s1/CG3207/Lab/Lab3/ProcessorIntel/lab2temp
# Command line: vivado.exe -gui_launcher_event rodinguilauncherevent11032 C:\Users\pigir\Desktop\NUS\Yr4s1\CG3207\Lab\Lab3\ProcessorIntel\lab2temp\lab2temp.xpr
# Log file: C:/Users/pigir/Desktop/NUS/Yr4s1/CG3207/Lab/Lab3/ProcessorIntel/lab2temp/vivado.log
# Journal file: C:/Users/pigir/Desktop/NUS/Yr4s1/CG3207/Lab/Lab3/ProcessorIntel/lab2temp\vivado.jou
#-----------------------------------------------------------
start_gui
open_project C:/Users/pigir/Desktop/NUS/Yr4s1/CG3207/Lab/Lab3/ProcessorIntel/lab2temp/lab2temp.xpr
INFO: [Project 1-313] Project file moved from 'D:/YKT/NUS/AY1920/Sem1/CG3207/Lab/workspace/lab2temp/lab2temp' since last save.
Scanning sources...
Finished scanning sources
INFO: [IP_Flow 19-234] Refreshing IP repositories
INFO: [IP_Flow 19-1704] No user IP repositories specified
INFO: [IP_Flow 19-2313] Loaded Vivado IP repository 'C:/Xilinx/Vivado/2019.1/data/ip'.
open_project: Time (s): cpu = 00:00:14 ; elapsed = 00:00:05 . Memory (MB): peak = 717.949 ; gain = 87.867
update_compile_order -fileset sources_1
exit
INFO: [Common 17-206] Exiting Vivado at Tue Oct  8 22:02:34 2019...
