#-----------------------------------------------------------
# Vivado v2019.1 (64-bit)
# SW Build 2552052 on Fri May 24 14:49:42 MDT 2019
# IP Build 2548770 on Fri May 24 18:01:18 MDT 2019
# Start of session at: Sun Oct 13 01:31:49 2019
# Process ID: 9244
# Current directory: D:/YKT/NUS/AY1920/Sem1/CG3207/Lab/workspace/lab2temp/lab2temp
# Command line: vivado.exe -gui_launcher_event rodinguilauncherevent11820 D:\YKT\NUS\AY1920\Sem1\CG3207\Lab\workspace\lab2temp\lab2temp\lab2temp.xpr
# Log file: D:/YKT/NUS/AY1920/Sem1/CG3207/Lab/workspace/lab2temp/lab2temp/vivado.log
# Journal file: D:/YKT/NUS/AY1920/Sem1/CG3207/Lab/workspace/lab2temp/lab2temp\vivado.jou
#-----------------------------------------------------------
start_gui
open_project D:/YKT/NUS/AY1920/Sem1/CG3207/Lab/workspace/lab2temp/lab2temp/lab2temp.xpr
Scanning sources...
Finished scanning sources
INFO: [IP_Flow 19-234] Refreshing IP repositories
INFO: [IP_Flow 19-1704] No user IP repositories specified
INFO: [IP_Flow 19-2313] Loaded Vivado IP repository 'C:/Xilinx/Vivado/2019.1/data/ip'.
open_project: Time (s): cpu = 00:00:17 ; elapsed = 00:00:06 . Memory (MB): peak = 745.875 ; gain = 98.395
update_compile_order -fileset sources_1
exit
INFO: [Common 17-206] Exiting Vivado at Sun Oct 13 01:32:27 2019...
